#
# A fatal error has been detected by the Java Runtime Environment:
#
#  SIGSEGV (0xb) at pc=0x000000010ad39680, pid=3445, tid=31751
#
# JRE version: OpenJDK Runtime Environment Temurin-17.0.9+9 (17.0.9+9) (build 17.0.9+9)
# Java VM: OpenJDK 64-Bit Server VM Temurin-17.0.9+9 (17.0.9+9, mixed mode, tiered, compressed oops, compressed class ptrs, g1 gc, bsd-amd64)
# Problematic frame:
# V  [libjvm.dylib+0x4e9680]  PhaseChaitin::interfere_with_live(unsigned int, IndexSet*)+0x1b0
#
# No core dump will be written. Core dumps have been disabled. To enable core dumping, try "ulimit -c unlimited" before starting Java again
#
# If you would like to submit a bug report, please visit:
#   https://github.com/adoptium/adoptium-support/issues
#

---------------  S U M M A R Y ------------

Command Line: -ea -Dfile.encoding=UTF-8 -Dstdout.encoding=UTF-8 -Dstderr.encoding=UTF-8 -XX:+ShowCodeDetailsInExceptionMessages org.testng.remote.RemoteTestNG -serport 60413 -protocol json -d /Users/muneeb.akhtar/eclipse-workspace/OrderAppTask/test-output /var/folders/6d/27kh_gqs16j4z_kht11tvvgrsm8y_1/T/testng-eclipse-965232783/testng-customsuite.xml

Host: "MacBookPro16,1" x86_64 2600 MHz, 12 cores, 32G, Darwin 23.3.0, macOS 14.3.1 (23D60)
Time: Tue May 14 14:41:48 2024 BST elapsed time: 8.773662 seconds (0d 0h 0m 8s)

---------------  T H R E A D  ---------------

Current thread (0x00007fb0d2822000):  JavaThread "C2 CompilerThread2" daemon [_thread_in_native, id=31751, stack(0x0000700004689000,0x0000700004789000)]


Current CompileTask:
C2:   8774 2694       4       jdk.internal.jimage.ImageLocation::verify (218 bytes)

Stack: [0x0000700004689000,0x0000700004789000],  sp=0x00007000047855d0,  free space=1009k
Native frames: (J=compiled Java code, j=interpreted, Vv=VM code, C=native code)
V  [libjvm.dylib+0x4e9680]  PhaseChaitin::interfere_with_live(unsigned int, IndexSet*)+0x1b0
V  [libjvm.dylib+0x4eb242]  PhaseChaitin::build_ifg_physical(ResourceArea*)+0x672
V  [libjvm.dylib+0x2a47ae]  PhaseChaitin::Register_Allocate()+0x90e
V  [libjvm.dylib+0x323df0]  Compile::Code_Gen()+0x3d0
V  [libjvm.dylib+0x3210ad]  Compile::Compile(ciEnv*, ciMethod*, int, bool, bool, bool, bool, bool, DirectiveSet*)+0x116d
V  [libjvm.dylib+0x2846e2]  C2Compiler::compile_method(ciEnv*, ciMethod*, int, bool, DirectiveSet*)+0xf2
V  [libjvm.dylib+0x3341aa]  CompileBroker::invoke_compiler_on_method(CompileTask*)+0x63a
V  [libjvm.dylib+0x333aac]  CompileBroker::compiler_thread_loop()+0x56c
V  [libjvm.dylib+0xa8c980]  JavaThread::thread_main_inner()+0x150
V  [libjvm.dylib+0xa8ad1f]  Thread::call_run()+0xcf
V  [libjvm.dylib+0x8a6688]  thread_native_entry(Thread*)+0x148
C  [libsystem_pthread.dylib+0x6202]  _pthread_start+0x63
C  [libsystem_pthread.dylib+0x1bab]  thread_start+0xf


siginfo: si_signo: 11 (SIGSEGV), si_code: 0 (unknown), si_addr: 0x0000000000000000

Registers:
RAX=0x000100010b59f5a8, RBX=0x0000000000000440, RCX=0x0000000000000001, RDX=0x00007fb0801b9238
RSP=0x00007000047855d0, RBP=0x0000700004785640, RSI=0xffffffffffffffff, RDI=0x00007fb0800de6b0
R8 =0x0000700004785a30, R9 =0x0000000000000571, R10=0x00007fb080180010, R11=0x000000000002ca00
R12=0x00007fb0801b92cc, R13=0x00007000047871e8, R14=0x0000000000039228, R15=0x00007fb080180010
RIP=0x000000010ad39680, EFLAGS=0x0000000000010202, ERR=0x0000000000000000
  TRAPNO=0x000000000000000d


Register to memory mapping:

RAX=0x000100010b59f5a8 is an unknown value
RBX=0x0000000000000440 is an unknown value
RCX=0x0000000000000001 is an unknown value
RDX=0x00007fb0801b9238 points into unknown readable memory: 0x3ebb9850a3e47c70 | 70 7c e4 a3 50 98 bb 3e
RSP=0x00007000047855d0 is pointing into the stack for thread: 0x00007fb0d2822000
RBP=0x0000700004785640 is pointing into the stack for thread: 0x00007fb0d2822000
RSI=0xffffffffffffffff: const_jargs+0xf6ef4f9f in /Applications/Eclipse.app/Contents/Eclipse/plugins/org.eclipse.justj.openjdk.hotspot.jre.full.macosx.x86_64_17.0.9.v20231028-0858/jre/bin/java at 0x0000000109107000
RDI=0x00007fb0800de6b0 points into unknown readable memory: 0x0000000100000001 | 01 00 00 00 01 00 00 00
R8 =0x0000700004785a30 is pointing into the stack for thread: 0x00007fb0d2822000
R9 =0x0000000000000571 is an unknown value
R10=0x00007fb080180010 points into unknown readable memory: 0x0000000000000000 | 00 00 00 00 00 00 00 00
R11=0x000000000002ca00 is an unknown value
R12=0x00007fb0801b92cc points into unknown readable memory: 0a 00 00 00
R13=0x00007000047871e8 is pointing into the stack for thread: 0x00007fb0d2822000
R14=0x0000000000039228 is an unknown value
R15=0x00007fb080180010 points into unknown readable memory: 0x0000000000000000 | 00 00 00 00 00 00 00 00


Top of Stack: (sp=0x00007000047855d0)
0x00007000047855d0:   00007fb080187da0 0000000000000000
0x00007000047855e0:   0000000200000440 0000000600000005
0x00007000047855f0:   00007fb0d5d9c060 00007fb0d50bbc50
0x0000700004785600:   00007000047856b0 00007fb0800de6b0
0x0000700004785610:   0000057104785640 00007fb0801b9238
0x0000700004785620:   00007fb0b33d9340 0000000000000571
0x0000700004785630:   00007000047871e8 00007fb0b31e24f0
0x0000700004785640:   0000700004785870 000000010ad3b242
0x0000700004785650:   0000700004785800 0000000000000000
0x0000700004785660:   0000000000000000 000000010a9af025
0x0000700004785670:   0000700004785a00 0000000000000600
0x0000700004785680:   000000010b4020f5 0000000000000000
0x0000700004785690:   0000000000000000 0000000000000000
0x00007000047856a0:   000000010b4020f5 0000000000000400
0x00007000047856b0:   0000000600000016 00007fb0d50bbc50
0x00007000047856c0:   00007000047856f0 00007ff80f92abb5
0x00007000047856d0:   0000700004785710 00007ff80f928b37
0x00007000047856e0:   0002510000025100 0000000000000004
0x00007000047856f0:   0002510000025100 00007fb0b31ad600
0x0000700004785700:   0000700004785720 000000010b2e4163
0x0000700004785710:   0000700004785720 000000010b2e4225
0x0000700004785720:   0000700004785770 000000010a9ae4f5
0x0000700004785730:   00007fb0d4174a20 00007fb0b31af300
0x0000700004785740:   00007fb000000014 00007fb0c0c500b0
0x0000700004785750:   0003000300000000 0003000300030003
0x0000700004785760:   0003000300030003 0003000300030003
0x0000700004785770:   0000000000030003 0000000000000000
0x0000700004785780:   0000000000000000 0000000000000000
0x0000700004785790:   0000000000000000 0000000000000000
0x00007000047857a0:   0000000000000000 0000000400000000
0x00007000047857b0:   3f0825468f67ece2 0000000000000000
0x00007000047857c0:   00007fb0801b9238 0000000000000049 

Instructions: (pc=0x000000010ad39680)
0x000000010ad39580:   89 eb 85 c0 75 30 e9 15 01 00 00 0f 1f 44 00 00
0x000000010ad39590:   83 7d a4 04 4c 89 eb 72 0c 8b 45 a8 3b 45 ac 0f
0x000000010ad395a0:   83 fb 00 00 00 48 8d 7d 98 e8 12 a1 00 00 85 c0
0x000000010ad395b0:   0f 84 ea 00 00 00 49 89 dd 4c 8b 43 70 4d 8b 50
0x000000010ad395c0:   20 41 89 c1 41 8b 0c 24 4d 69 d9 a8 00 00 00 43
0x000000010ad395d0:   8b bc 1a 90 00 00 00 43 8b 9c 1a 94 00 00 00 39
0x000000010ad395e0:   d9 0f 42 d9 41 8b 4c 24 fc 39 f9 0f 47 f9 39 df
0x000000010ad395f0:   0f 87 6a ff ff ff 31 c9 0f 1f 84 00 00 00 00 00
0x000000010ad39600:   89 f8 4b 8d 14 37 4b 8d 34 1a 48 8b 74 c6 38 48
0x000000010ad39610:   23 74 c2 38 48 09 f1 ff c7 39 df 76 e3 48 85 c9
0x000000010ad39620:   0f 84 3a ff ff ff 8b 45 d4 41 39 c1 44 89 cb 0f
0x000000010ad39630:   47 d8 44 0f 46 c8 85 db 0f 84 22 ff ff ff 49 8b
0x000000010ad39640:   40 10 4b 8d 0c 89 48 c1 e1 05 48 8d 3c 08 48 8b
0x000000010ad39650:   44 08 08 89 d9 c1 e9 08 48 8b 04 c8 48 3b 05 2d
0x000000010ad39660:   2b 76 00 75 13 48 89 7d c8 48 8b 7d c8 89 de e8
0x000000010ad39670:   4c 95 00 00 48 8b 7d c8 89 d9 c1 e9 06 83 e1 03
0x000000010ad39680:   48 8b 14 c8 48 89 d6 48 0f ab de 48 89 34 c8 48
0x000000010ad39690:   0f a3 da 0f 82 c7 fe ff ff ff 07 e9 c0 fe ff ff
0x000000010ad396a0:   48 83 c4 48 5b 41 5c 41 5d 41 5e 41 5f 5d c3 90
0x000000010ad396b0:   55 48 89 e5 41 57 41 56 41 55 41 54 53 48 81 ec
0x000000010ad396c0:   98 00 00 00 48 89 fb ba a0 02 00 00 48 03 15 8d
0x000000010ad396d0:   2a 76 00 48 8d 35 aa 89 6c 00 48 8d bd 40 ff ff
0x000000010ad396e0:   ff e8 6a 87 e3 ff 48 8b 43 48 83 78 40 00 0f 84
0x000000010ad396f0:   d8 04 00 00 48 89 df 31 db 48 89 7d d0 eb 18 90
0x000000010ad39700:   48 8b 5d a8 48 ff c3 48 8b 47 48 8b 48 40 48 39
0x000000010ad39710:   cb 0f 83 b5 04 00 00 48 8b 40 30 48 8b 0c d8 48
0x000000010ad39720:   8b 47 68 4c 8b 70 10 44 8b 61 4c 44 8b 69 28 41
0x000000010ad39730:   ff cd 44 39 69 18 48 89 4d c8 76 14 48 8b 41 20
0x000000010ad39740:   44 89 e9 4c 8b 3c c8 eb 0a 0f 1f 80 00 00 00 00
0x000000010ad39750:   45 31 ff 49 8b 07 4c 89 ff ff 50 20 4c 39 f8 48
0x000000010ad39760:   89 5d a8 74 1b 48 8b 4d c8 44 2b 69 48 48 8b 7d
0x000000010ad39770:   d0 41 ff c5 41 83 fd 02 72 86 eb 19 0f 1f 40 00 


Stack slot to memory mapping:
stack at sp + 0 slots: 0x00007fb080187da0 points into unknown readable memory: 0xffffffff3f3fffff | ff ff 3f 3f ff ff ff ff
stack at sp + 1 slots: 0x0 is NULL
stack at sp + 2 slots: 0x0000000200000440 is an unknown value
stack at sp + 3 slots: 0x0000000600000005 is pointing into object: [B 
{0x0000000600000000} - klass: {type array byte}
 - length: 208286
stack at sp + 4 slots: 0x00007fb0d5d9c060 points into unknown readable memory: 0x0000000000000000 | 00 00 00 00 00 00 00 00
stack at sp + 5 slots: 0x00007fb0d50bbc50 points into unknown readable memory: 0x00007fb0d5895640 | 40 56 89 d5 b0 7f 00 00
stack at sp + 6 slots: 0x00007000047856b0 is pointing into the stack for thread: 0x00007fb0d2822000
stack at sp + 7 slots: 0x00007fb0800de6b0 points into unknown readable memory: 0x0000000100000001 | 01 00 00 00 01 00 00 00


---------------  P R O C E S S  ---------------

Threads class SMR info:
_java_thread_list=0x0000600003bae980, length=25, elements={
0x00007fb0d4008a00, 0x00007fb0d5808200, 0x00007fb0d2808800, 0x00007fb0d480c400,
0x00007fb0d502c400, 0x00007fb092808800, 0x00007fb0d280b400, 0x00007fb0d280ba00,
0x00007fb0b302cc00, 0x00007fb0d582ec00, 0x00007fb0d480ca00, 0x00007fb0d4268600,
0x00007fb0d5834800, 0x00007fb0b315e400, 0x00007fb0d58ef600, 0x00007fb0d5832400,
0x00007fb0d2812200, 0x00007fb0d5274a00, 0x00007fb0d5909600, 0x00007fb0d5890c00,
0x00007fb0d4b0ae00, 0x00007fb0b3021e00, 0x00007fb0d28f3000, 0x00007fb0b311b800,
0x00007fb0d2822000
}

Java Threads: ( => current thread )
  0x00007fb0d4008a00 JavaThread "main" [_thread_in_native, id=8963, stack(0x00007000018d8000,0x00007000019d8000)]
  0x00007fb0d5808200 JavaThread "Reference Handler" daemon [_thread_blocked, id=17923, stack(0x0000700001fed000,0x00007000020ed000)]
  0x00007fb0d2808800 JavaThread "Finalizer" daemon [_thread_blocked, id=18435, stack(0x00007000020f0000,0x00007000021f0000)]
  0x00007fb0d480c400 JavaThread "Signal Dispatcher" daemon [_thread_blocked, id=30979, stack(0x00007000022f9000,0x00007000023f9000)]
  0x00007fb0d502c400 JavaThread "Service Thread" daemon [_thread_blocked, id=30467, stack(0x00007000023fc000,0x00007000024fc000)]
  0x00007fb092808800 JavaThread "Monitor Deflation Thread" daemon [_thread_blocked, id=30211, stack(0x00007000024ff000,0x00007000025ff000)]
  0x00007fb0d280b400 JavaThread "C2 CompilerThread0" daemon [_thread_in_native, id=23555, stack(0x0000700002602000,0x0000700002702000)]
  0x00007fb0d280ba00 JavaThread "C1 CompilerThread0" daemon [_thread_blocked, id=29699, stack(0x0000700002705000,0x0000700002805000)]
  0x00007fb0b302cc00 JavaThread "Sweeper thread" daemon [_thread_blocked, id=23811, stack(0x0000700002808000,0x0000700002908000)]
  0x00007fb0d582ec00 JavaThread "Notification Thread" daemon [_thread_blocked, id=24067, stack(0x000070000290b000,0x0000700002a0b000)]
  0x00007fb0d480ca00 JavaThread "Common-Cleaner" daemon [_thread_blocked, id=28419, stack(0x0000700002b11000,0x0000700002c11000)]
  0x00007fb0d4268600 JavaThread "ForkJoinPool.commonPool-worker-1" daemon [_thread_blocked, id=40707, stack(0x0000700003b41000,0x0000700003c41000)]
  0x00007fb0d5834800 JavaThread "AsyncHttpClient-1-1" daemon [_thread_blocked, id=40195, stack(0x0000700003c44000,0x0000700003d44000)]
  0x00007fb0b315e400 JavaThread "Exec Default Executor" daemon [_thread_blocked, id=35075, stack(0x0000700003d47000,0x0000700003e47000)]
  0x00007fb0d58ef600 JavaThread "Driver Service Executor" daemon [_thread_blocked, id=39683, stack(0x0000700003e4a000,0x0000700003f4a000)]
  0x00007fb0d5832400 JavaThread "Driver Service Executor" daemon [_thread_blocked, id=39171, stack(0x0000700003f4d000,0x000070000404d000)]
  0x00007fb0d2812200 JavaThread "UrlChecker-2" daemon [_thread_blocked, id=35331, stack(0x0000700004050000,0x0000700004150000)]
  0x00007fb0d5274a00 JavaThread "process reaper (pid 3446)" daemon [_thread_in_native, id=35587, stack(0x0000700004153000,0x0000700004177000)]
  0x00007fb0d5909600 JavaThread "Exec Stream Pumper" daemon [_thread_in_native, id=35843, stack(0x000070000417a000,0x000070000427a000)]
  0x00007fb0d5890c00 JavaThread "Exec Stream Pumper" daemon [_thread_in_native, id=38147, stack(0x000070000427d000,0x000070000437d000)]
  0x00007fb0d4b0ae00 JavaThread "AsyncHttpClient-1-2" daemon [_thread_in_native, id=36611, stack(0x0000700004380000,0x0000700004480000)]
  0x00007fb0b3021e00 JavaThread "AsyncHttpClient-1-3" daemon [_thread_in_native, id=36867, stack(0x0000700004483000,0x0000700004583000)]
  0x00007fb0d28f3000 JavaThread "AsyncHttpClient-1-4" daemon [_thread_in_native, id=37379, stack(0x0000700004586000,0x0000700004686000)]
  0x00007fb0b311b800 JavaThread "C2 CompilerThread1" daemon [_thread_in_native, id=27915, stack(0x0000700002c14000,0x0000700002d14000)]
=>0x00007fb0d2822000 JavaThread "C2 CompilerThread2" daemon [_thread_in_native, id=31751, stack(0x0000700004689000,0x0000700004789000)]

Other Threads:
  0x00007fb0d30094e0 VMThread "VM Thread" [stack: 0x0000700001eea000,0x0000700001fea000] [id=17667]
  0x00007fb0b281cc00 WatcherThread [stack: 0x0000700002a0e000,0x0000700002b0e000] [id=24323]
  0x00007fb0b29074d0 GCTaskThread "GC Thread#0" [stack: 0x00007000019db000,0x0000700001adb000] [id=13571]
  0x00007fb0b270ee00 GCTaskThread "GC Thread#1" [stack: 0x0000700002e1a000,0x0000700002f1a000] [id=24835]
  0x00007fb0b2826330 GCTaskThread "GC Thread#2" [stack: 0x0000700002f1d000,0x000070000301d000] [id=25347]
  0x00007fb0d27103d0 GCTaskThread "GC Thread#3" [stack: 0x0000700003020000,0x0000700003120000] [id=26883]
  0x00007fb0d300a7d0 GCTaskThread "GC Thread#4" [stack: 0x0000700003123000,0x0000700003223000] [id=26371]
  0x00007fb0d3014a30 GCTaskThread "GC Thread#5" [stack: 0x0000700003226000,0x0000700003326000] [id=25603]
  0x00007fb0d340f470 GCTaskThread "GC Thread#6" [stack: 0x0000700003329000,0x0000700003429000] [id=32771]
  0x00007fb0b28265e0 GCTaskThread "GC Thread#7" [stack: 0x000070000342c000,0x000070000352c000] [id=43011]
  0x00007fb0b2826a60 GCTaskThread "GC Thread#8" [stack: 0x000070000352f000,0x000070000362f000] [id=42755]
  0x00007fb0b2826ee0 GCTaskThread "GC Thread#9" [stack: 0x0000700003632000,0x0000700003732000] [id=42243]
  0x00007fb0d3005510 ConcurrentGCThread "G1 Main Marker" [stack: 0x0000700001ade000,0x0000700001bde000] [id=12291]
  0x00007fb0b2907950 ConcurrentGCThread "G1 Conc#0" [stack: 0x0000700001be1000,0x0000700001ce1000] [id=12803]
  0x00007fb0d3411b20 ConcurrentGCThread "G1 Conc#1" [stack: 0x000070000393b000,0x0000700003a3b000] [id=34311]
  0x00007fb0d3411dd0 ConcurrentGCThread "G1 Conc#2" [stack: 0x0000700003a3e000,0x0000700003b3e000] [id=40963]
  0x00007fb0d2704bd0 ConcurrentGCThread "G1 Refine#0" [stack: 0x0000700001ce4000,0x0000700001de4000] [id=16643]
  0x00007fb0d340f8f0 ConcurrentGCThread "G1 Refine#1" [stack: 0x0000700003735000,0x0000700003835000] [id=33539]
  0x00007fb0d33060a0 ConcurrentGCThread "G1 Refine#2" [stack: 0x0000700003838000,0x0000700003938000] [id=34051]
  0x00007fb0a2704080 ConcurrentGCThread "G1 Service" [stack: 0x0000700001de7000,0x0000700001ee7000] [id=20995]

Threads with active compile tasks:
C2 CompilerThread0     8823 2756       4       java.net.URLStreamHandler::parseURL (1201 bytes)
C2 CompilerThread1     8824 2833       4       java.util.regex.Pattern$CharProperty::match (71 bytes)
C2 CompilerThread2     8824 2694       4       jdk.internal.jimage.ImageLocation::verify (218 bytes)

VM state: not at safepoint (normal execution)

VM Mutex/Monitor currently owned by a thread: None

Heap address: 0x0000000600000000, size: 8192 MB, Compressed Oops mode: Zero based, Oop shift amount: 3

CDS archive(s) not mapped
Compressed class space mapped at: 0x0000000800000000-0x0000000840000000, reserved size: 1073741824
Narrow klass base: 0x0000000800000000, Narrow klass shift: 0, Narrow klass range: 0x40000000

GC Precious Log:
 CPUs: 12 total, 12 available
 Memory: 32768M
 Large Page Support: Disabled
 NUMA Support: Disabled
 Compressed Oops: Enabled (Zero based)
 Heap Region Size: 4M
 Heap Min Capacity: 8M
 Heap Initial Capacity: 512M
 Heap Max Capacity: 8G
 Pre-touch: Disabled
 Parallel Workers: 10
 Concurrent Workers: 3
 Concurrent Refinement Workers: 10
 Periodic GC: Disabled

Heap:
 garbage-first heap   total 299008K, used 53916K [0x0000000600000000, 0x0000000800000000)
  region size 4096K, 9 young (36864K), 1 survivors (4096K)
 Metaspace       used 40626K, committed 40960K, reserved 1114112K
  class space    used 4763K, committed 4928K, reserved 1048576K

Heap Regions: E=young(eden), S=young(survivor), O=old, HS=humongous(starts), HC=humongous(continues), CS=collection set, F=free, OA=open archive, CA=closed archive, TAMS=top-at-mark-start (previous, next)
|   0|0x0000000600000000, 0x0000000600400000, 0x0000000600400000|100%| O|  |TAMS 0x0000000600400000, 0x0000000600000000| Untracked 
|   1|0x0000000600400000, 0x0000000600800000, 0x0000000600800000|100%| O|  |TAMS 0x0000000600800000, 0x0000000600400000| Untracked 
|   2|0x0000000600800000, 0x0000000600b73c00, 0x0000000600c00000| 86%| O|  |TAMS 0x0000000600800000, 0x0000000600800000| Untracked 
|   3|0x0000000600c00000, 0x0000000601000000, 0x0000000601000000|100%|HS|  |TAMS 0x0000000601000000, 0x0000000600c00000| Complete 
|   4|0x0000000601000000, 0x0000000601400000, 0x0000000601400000|100%|HC|  |TAMS 0x0000000601400000, 0x0000000601000000| Complete 
|   5|0x0000000601400000, 0x0000000601400000, 0x0000000601800000|  0%| F|  |TAMS 0x0000000601400000, 0x0000000601400000| Untracked 
|   6|0x0000000601800000, 0x0000000601c00000, 0x0000000601c00000|100%| O|  |TAMS 0x0000000601a1d400, 0x0000000601800000| Untracked 
|   7|0x0000000601c00000, 0x0000000601c00000, 0x0000000602000000|  0%| F|  |TAMS 0x0000000601c00000, 0x0000000601c00000| Untracked 
|   8|0x0000000602000000, 0x0000000602000000, 0x0000000602400000|  0%| F|  |TAMS 0x0000000602000000, 0x0000000602000000| Untracked 
|   9|0x0000000602400000, 0x0000000602400000, 0x0000000602800000|  0%| F|  |TAMS 0x0000000602400000, 0x0000000602400000| Untracked 
|  10|0x0000000602800000, 0x0000000602800000, 0x0000000602c00000|  0%| F|  |TAMS 0x0000000602800000, 0x0000000602800000| Untracked 
|  11|0x0000000602c00000, 0x0000000602d335e0, 0x0000000603000000| 30%| S|CS|TAMS 0x0000000602c00000, 0x0000000602c00000| Complete 
|  12|0x0000000603000000, 0x0000000603000000, 0x0000000603400000|  0%| F|  |TAMS 0x0000000603000000, 0x0000000603000000| Untracked 
|  13|0x0000000603400000, 0x0000000603400000, 0x0000000603800000|  0%| F|  |TAMS 0x0000000603400000, 0x0000000603400000| Untracked 
|  14|0x0000000603800000, 0x0000000603800000, 0x0000000603c00000|  0%| F|  |TAMS 0x0000000603800000, 0x0000000603800000| Untracked 
|  15|0x0000000603c00000, 0x0000000603c00000, 0x0000000604000000|  0%| F|  |TAMS 0x0000000603c00000, 0x0000000603c00000| Untracked 
|  16|0x0000000604000000, 0x0000000604000000, 0x0000000604400000|  0%| F|  |TAMS 0x0000000604000000, 0x0000000604000000| Untracked 
|  17|0x0000000604400000, 0x0000000604400000, 0x0000000604800000|  0%| F|  |TAMS 0x0000000604400000, 0x0000000604400000| Untracked 
|  18|0x0000000604800000, 0x0000000604800000, 0x0000000604c00000|  0%| F|  |TAMS 0x0000000604800000, 0x0000000604800000| Untracked 
|  19|0x0000000604c00000, 0x0000000604c00000, 0x0000000605000000|  0%| F|  |TAMS 0x0000000604c00000, 0x0000000604c00000| Untracked 
|  20|0x0000000605000000, 0x0000000605000000, 0x0000000605400000|  0%| F|  |TAMS 0x0000000605000000, 0x0000000605000000| Untracked 
|  21|0x0000000605400000, 0x0000000605400000, 0x0000000605800000|  0%| F|  |TAMS 0x0000000605400000, 0x0000000605400000| Untracked 
|  22|0x0000000605800000, 0x0000000605800000, 0x0000000605c00000|  0%| F|  |TAMS 0x0000000605800000, 0x0000000605800000| Untracked 
|  23|0x0000000605c00000, 0x0000000605c00000, 0x0000000606000000|  0%| F|  |TAMS 0x0000000605c00000, 0x0000000605c00000| Untracked 
|  24|0x0000000606000000, 0x0000000606000000, 0x0000000606400000|  0%| F|  |TAMS 0x0000000606000000, 0x0000000606000000| Untracked 
|  25|0x0000000606400000, 0x0000000606400000, 0x0000000606800000|  0%| F|  |TAMS 0x0000000606400000, 0x0000000606400000| Untracked 
|  26|0x0000000606800000, 0x0000000606800000, 0x0000000606c00000|  0%| F|  |TAMS 0x0000000606800000, 0x0000000606800000| Untracked 
|  27|0x0000000606c00000, 0x0000000606c00000, 0x0000000607000000|  0%| F|  |TAMS 0x0000000606c00000, 0x0000000606c00000| Untracked 
|  28|0x0000000607000000, 0x0000000607000000, 0x0000000607400000|  0%| F|  |TAMS 0x0000000607000000, 0x0000000607000000| Untracked 
|  29|0x0000000607400000, 0x0000000607400000, 0x0000000607800000|  0%| F|  |TAMS 0x0000000607400000, 0x0000000607400000| Untracked 
|  30|0x0000000607800000, 0x0000000607800000, 0x0000000607c00000|  0%| F|  |TAMS 0x0000000607800000, 0x0000000607800000| Untracked 
|  31|0x0000000607c00000, 0x0000000607c00000, 0x0000000608000000|  0%| F|  |TAMS 0x0000000607c00000, 0x0000000607c00000| Untracked 
|  32|0x0000000608000000, 0x0000000608000000, 0x0000000608400000|  0%| F|  |TAMS 0x0000000608000000, 0x0000000608000000| Untracked 
|  33|0x0000000608400000, 0x0000000608400000, 0x0000000608800000|  0%| F|  |TAMS 0x0000000608400000, 0x0000000608400000| Untracked 
|  34|0x0000000608800000, 0x0000000608800000, 0x0000000608c00000|  0%| F|  |TAMS 0x0000000608800000, 0x0000000608800000| Untracked 
|  35|0x0000000608c00000, 0x0000000608c00000, 0x0000000609000000|  0%| F|  |TAMS 0x0000000608c00000, 0x0000000608c00000| Untracked 
|  36|0x0000000609000000, 0x0000000609000000, 0x0000000609400000|  0%| F|  |TAMS 0x0000000609000000, 0x0000000609000000| Untracked 
|  37|0x0000000609400000, 0x0000000609400000, 0x0000000609800000|  0%| F|  |TAMS 0x0000000609400000, 0x0000000609400000| Untracked 
|  38|0x0000000609800000, 0x0000000609800000, 0x0000000609c00000|  0%| F|  |TAMS 0x0000000609800000, 0x0000000609800000| Untracked 
|  39|0x0000000609c00000, 0x0000000609c00000, 0x000000060a000000|  0%| F|  |TAMS 0x0000000609c00000, 0x0000000609c00000| Untracked 
|  40|0x000000060a000000, 0x000000060a000000, 0x000000060a400000|  0%| F|  |TAMS 0x000000060a000000, 0x000000060a000000| Untracked 
|  41|0x000000060a400000, 0x000000060a400000, 0x000000060a800000|  0%| F|  |TAMS 0x000000060a400000, 0x000000060a400000| Untracked 
|  42|0x000000060a800000, 0x000000060a800000, 0x000000060ac00000|  0%| F|  |TAMS 0x000000060a800000, 0x000000060a800000| Untracked 
|  43|0x000000060ac00000, 0x000000060ac00000, 0x000000060b000000|  0%| F|  |TAMS 0x000000060ac00000, 0x000000060ac00000| Untracked 
|  44|0x000000060b000000, 0x000000060b000000, 0x000000060b400000|  0%| F|  |TAMS 0x000000060b000000, 0x000000060b000000| Untracked 
|  45|0x000000060b400000, 0x000000060b400000, 0x000000060b800000|  0%| F|  |TAMS 0x000000060b400000, 0x000000060b400000| Untracked 
|  46|0x000000060b800000, 0x000000060b800000, 0x000000060bc00000|  0%| F|  |TAMS 0x000000060b800000, 0x000000060b800000| Untracked 
|  47|0x000000060bc00000, 0x000000060bc00000, 0x000000060c000000|  0%| F|  |TAMS 0x000000060bc00000, 0x000000060bc00000| Untracked 
|  48|0x000000060c000000, 0x000000060c000000, 0x000000060c400000|  0%| F|  |TAMS 0x000000060c000000, 0x000000060c000000| Untracked 
|  49|0x000000060c400000, 0x000000060c400000, 0x000000060c800000|  0%| F|  |TAMS 0x000000060c400000, 0x000000060c400000| Untracked 
|  50|0x000000060c800000, 0x000000060c800000, 0x000000060cc00000|  0%| F|  |TAMS 0x000000060c800000, 0x000000060c800000| Untracked 
|  51|0x000000060cc00000, 0x000000060cc00000, 0x000000060d000000|  0%| F|  |TAMS 0x000000060cc00000, 0x000000060cc00000| Untracked 
|  52|0x000000060d000000, 0x000000060d000000, 0x000000060d400000|  0%| F|  |TAMS 0x000000060d000000, 0x000000060d000000| Untracked 
|  53|0x000000060d400000, 0x000000060d400000, 0x000000060d800000|  0%| F|  |TAMS 0x000000060d400000, 0x000000060d400000| Untracked 
|  54|0x000000060d800000, 0x000000060d800000, 0x000000060dc00000|  0%| F|  |TAMS 0x000000060d800000, 0x000000060d800000| Untracked 
|  55|0x000000060dc00000, 0x000000060dc00000, 0x000000060e000000|  0%| F|  |TAMS 0x000000060dc00000, 0x000000060dc00000| Untracked 
|  56|0x000000060e000000, 0x000000060e000000, 0x000000060e400000|  0%| F|  |TAMS 0x000000060e000000, 0x000000060e000000| Untracked 
|  57|0x000000060e400000, 0x000000060e400000, 0x000000060e800000|  0%| F|  |TAMS 0x000000060e400000, 0x000000060e400000| Untracked 
|  58|0x000000060e800000, 0x000000060e800000, 0x000000060ec00000|  0%| F|  |TAMS 0x000000060e800000, 0x000000060e800000| Untracked 
|  59|0x000000060ec00000, 0x000000060ec00000, 0x000000060f000000|  0%| F|  |TAMS 0x000000060ec00000, 0x000000060ec00000| Untracked 
|  60|0x000000060f000000, 0x000000060f000000, 0x000000060f400000|  0%| F|  |TAMS 0x000000060f000000, 0x000000060f000000| Untracked 
|  61|0x000000060f400000, 0x000000060f400000, 0x000000060f800000|  0%| F|  |TAMS 0x000000060f400000, 0x000000060f400000| Untracked 
|  62|0x000000060f800000, 0x000000060f800000, 0x000000060fc00000|  0%| F|  |TAMS 0x000000060f800000, 0x000000060f800000| Untracked 
|  63|0x000000060fc00000, 0x000000060fc00000, 0x0000000610000000|  0%| F|  |TAMS 0x000000060fc00000, 0x000000060fc00000| Untracked 
|  64|0x0000000610000000, 0x0000000610000000, 0x0000000610400000|  0%| F|  |TAMS 0x0000000610000000, 0x0000000610000000| Untracked 
|  65|0x0000000610400000, 0x0000000610600800, 0x0000000610800000| 50%| E|  |TAMS 0x0000000610400000, 0x0000000610400000| Complete 
|  66|0x0000000610800000, 0x0000000610c00000, 0x0000000610c00000|100%| E|CS|TAMS 0x0000000610800000, 0x0000000610800000| Complete 
|  67|0x0000000610c00000, 0x0000000611000000, 0x0000000611000000|100%| E|CS|TAMS 0x0000000610c00000, 0x0000000610c00000| Complete 
|  68|0x0000000611000000, 0x0000000611400000, 0x0000000611400000|100%| E|CS|TAMS 0x0000000611000000, 0x0000000611000000| Complete 
|  69|0x0000000611400000, 0x0000000611800000, 0x0000000611800000|100%| E|CS|TAMS 0x0000000611400000, 0x0000000611400000| Complete 
|  70|0x0000000611800000, 0x0000000611c00000, 0x0000000611c00000|100%| E|CS|TAMS 0x0000000611800000, 0x0000000611800000| Complete 
| 123|0x000000061ec00000, 0x000000061f000000, 0x000000061f000000|100%| E|CS|TAMS 0x000000061ec00000, 0x000000061ec00000| Complete 
| 127|0x000000061fc00000, 0x0000000620000000, 0x0000000620000000|100%| E|CS|TAMS 0x000000061fc00000, 0x000000061fc00000| Complete 

Card table byte_map: [0x000000011dfe2000,0x000000011efe2000] _byte_map_base: 0x000000011afe2000

Marking Bits (Prev, Next): (CMBitMap*) 0x00007fb0d4008210, (CMBitMap*) 0x00007fb0d4008250
 Prev Bits: [0x000000011ffe2000, 0x0000000127fe2000)
 Next Bits: [0x0000000127fe2000, 0x000000012ffe2000)

Polling page: 0x00000001091bf000

Metaspace:

Usage:
  Non-class:     35.02 MB used.
      Class:      4.65 MB used.
       Both:     39.67 MB used.

Virtual space:
  Non-class space:       64.00 MB reserved,      35.19 MB ( 55%) committed,  1 nodes.
      Class space:        1.00 GB reserved,       4.81 MB ( <1%) committed,  1 nodes.
             Both:        1.06 GB reserved,      40.00 MB (  4%) committed. 

Chunk freelists:
   Non-Class:  11.92 MB
       Class:  11.22 MB
        Both:  23.14 MB

MaxMetaspaceSize: unlimited
CompressedClassSpaceSize: 1.00 GB
Initial GC threshold: 21.00 MB
Current GC threshold: 59.00 MB
CDS: off
MetaspaceReclaimPolicy: balanced
 - commit_granule_bytes: 65536.
 - commit_granule_words: 8192.
 - virtual_space_node_default_size: 8388608.
 - enlarge_chunks_in_place: 1.
 - new_chunks_are_fully_committed: 0.
 - uncommit_free_chunks: 1.
 - use_allocation_guard: 0.
 - handle_deallocations: 1.


Internal statistics:

num_allocs_failed_limit: 6.
num_arena_births: 264.
num_arena_deaths: 0.
num_vsnodes_births: 2.
num_vsnodes_deaths: 0.
num_space_committed: 640.
num_space_uncommitted: 0.
num_chunks_returned_to_freelist: 6.
num_chunks_taken_from_freelist: 1122.
num_chunk_merges: 6.
num_chunk_splits: 778.
num_chunks_enlarged: 609.
num_inconsistent_stats: 0.

CodeHeap 'non-profiled nmethods': size=120028Kb used=1204Kb max_used=1204Kb free=118823Kb
 bounds [0x0000000116aab000, 0x0000000116d1b000, 0x000000011dfe2000]
CodeHeap 'profiled nmethods': size=120028Kb used=5524Kb max_used=5524Kb free=114503Kb
 bounds [0x000000010efe2000, 0x000000010f552000, 0x0000000116519000]
CodeHeap 'non-nmethods': size=5704Kb used=1330Kb max_used=1380Kb free=4373Kb
 bounds [0x0000000116519000, 0x0000000116789000, 0x0000000116aab000]
 total_blobs=3470 nmethods=2837 adapters=544
 compilation: enabled
              stopped_count=0, restarted_count=0
 full_count=0

Compilation events (20 events):
Event: 8.718 Thread 0x00007fb0d280ba00 2808       3       java.nio.CharBuffer::<init> (24 bytes)
Event: 8.718 Thread 0x00007fb0d280ba00 nmethod 2808 0x000000010f536990 code [0x000000010f536b40, 0x000000010f536ce0]
Event: 8.719 Thread 0x00007fb0d280ba00 2809       3       java.nio.CharBuffer::limit (6 bytes)
Event: 8.719 Thread 0x00007fb0d280ba00 nmethod 2809 0x000000010f536d90 code [0x000000010f536f40, 0x000000010f5370e0]
Event: 8.719 Thread 0x00007fb0d280ba00 2810  s    1       java.lang.StringBuffer::length (5 bytes)
Event: 8.719 Thread 0x00007fb0d280ba00 nmethod 2810 0x0000000116bd4990 code [0x0000000116bd4b20, 0x0000000116bd4c90]
Event: 8.731 Thread 0x00007fb0d280ba00 2811       3       java.util.Locale::hashCode (41 bytes)
Event: 8.731 Thread 0x00007fb0d280ba00 nmethod 2811 0x000000010f537190 code [0x000000010f537340, 0x000000010f537550]
Event: 8.735 Thread 0x00007fb0d280ba00 2812       3       java.lang.StringCoding::implEncodeAsciiArray (47 bytes)
Event: 8.735 Thread 0x00007fb0d280ba00 nmethod 2812 0x000000010f537610 code [0x000000010f5377c0, 0x000000010f537a10]
Event: 8.752 Thread 0x00007fb0b311b800 2813       4       java.lang.Character::isHighSurrogate (18 bytes)
Event: 8.752 Thread 0x00007fb0d280ba00 2814       3       java.util.regex.Pattern$CharProperty::study (29 bytes)
Event: 8.752 Thread 0x00007fb0b311b800 nmethod 2813 0x0000000116bd4d10 code [0x0000000116bd4e80, 0x0000000116bd4ef8]
Event: 8.752 Thread 0x00007fb0b311b800 2815       4       java.util.regex.Matcher::search (154 bytes)
Event: 8.752 Thread 0x00007fb0d280ba00 nmethod 2814 0x000000010f537b90 code [0x000000010f537d40, 0x000000010f537f20]
Event: 8.752 Thread 0x00007fb0d280ba00 2816       3       java.lang.StringBuilder::length (5 bytes)
Event: 8.753 Thread 0x00007fb0d280ba00 nmethod 2816 0x000000010f538010 code [0x000000010f5381a0, 0x000000010f5382b0]
Event: 8.766 Thread 0x00007fb0b311b800 nmethod 2815 0x0000000116bd5010 code [0x0000000116bd51c0, 0x0000000116bd5598]
Event: 8.766 Thread 0x00007fb0b311b800 2817       4       sun.net.www.protocol.file.Handler::parseURL (18 bytes)
Event: 8.768 Thread 0x00007fb0b311b800 nmethod 2817 0x0000000116bd5810 code [0x0000000116bd59a0, 0x0000000116bd5a48]

GC Heap History (16 events):
Event: 1.244 GC heap before
{Heap before GC invocations=0 (full 0):
 garbage-first heap   total 524288K, used 20480K [0x0000000600000000, 0x0000000800000000)
  region size 4096K, 6 young (24576K), 0 survivors (0K)
 Metaspace       used 16136K, committed 16320K, reserved 1114112K
  class space    used 1620K, committed 1728K, reserved 1048576K
}
Event: 1.254 GC heap after
{Heap after GC invocations=1 (full 0):
 garbage-first heap   total 524288K, used 9813K [0x0000000600000000, 0x0000000800000000)
  region size 4096K, 1 young (4096K), 1 survivors (4096K)
 Metaspace       used 16136K, committed 16320K, reserved 1114112K
  class space    used 1620K, committed 1728K, reserved 1048576K
}
Event: 2.017 GC heap before
{Heap before GC invocations=1 (full 0):
 garbage-first heap   total 524288K, used 22101K [0x0000000600000000, 0x0000000800000000)
  region size 4096K, 5 young (20480K), 1 survivors (4096K)
 Metaspace       used 21385K, committed 21504K, reserved 1114112K
  class space    used 2243K, committed 2304K, reserved 1048576K
}
Event: 2.021 GC heap after
{Heap after GC invocations=2 (full 0):
 garbage-first heap   total 524288K, used 11558K [0x0000000600000000, 0x0000000800000000)
  region size 4096K, 1 young (4096K), 1 survivors (4096K)
 Metaspace       used 21385K, committed 21504K, reserved 1114112K
  class space    used 2243K, committed 2304K, reserved 1048576K
}
Event: 2.750 GC heap before
{Heap before GC invocations=3 (full 0):
 garbage-first heap   total 69632K, used 36134K [0x0000000600000000, 0x0000000800000000)
  region size 4096K, 8 young (32768K), 1 survivors (4096K)
 Metaspace       used 29766K, committed 29952K, reserved 1114112K
  class space    used 3384K, committed 3456K, reserved 1048576K
}
Event: 2.755 GC heap after
{Heap after GC invocations=4 (full 0):
 garbage-first heap   total 69632K, used 13994K [0x0000000600000000, 0x0000000800000000)
  region size 4096K, 1 young (4096K), 1 survivors (4096K)
 Metaspace       used 29766K, committed 29952K, reserved 1114112K
  class space    used 3384K, committed 3456K, reserved 1048576K
}
Event: 5.405 GC heap before
{Heap before GC invocations=4 (full 0):
 garbage-first heap   total 69632K, used 26282K [0x0000000600000000, 0x0000000800000000)
  region size 4096K, 2 young (8192K), 1 survivors (4096K)
 Metaspace       used 30841K, committed 31040K, reserved 1114112K
  class space    used 3550K, committed 3648K, reserved 1048576K
}
Event: 5.413 GC heap after
{Heap after GC invocations=5 (full 0):
 garbage-first heap   total 69632K, used 23195K [0x0000000600000000, 0x0000000800000000)
  region size 4096K, 1 young (4096K), 1 survivors (4096K)
 Metaspace       used 30841K, committed 31040K, reserved 1114112K
  class space    used 3550K, committed 3648K, reserved 1048576K
}
Event: 8.000 GC heap before
{Heap before GC invocations=5 (full 0):
 garbage-first heap   total 69632K, used 35483K [0x0000000600000000, 0x0000000800000000)
  region size 4096K, 5 young (20480K), 1 survivors (4096K)
 Metaspace       used 35725K, committed 35968K, reserved 1114112K
  class space    used 4127K, committed 4288K, reserved 1048576K
}
Event: 8.004 GC heap after
{Heap after GC invocations=6 (full 0):
 garbage-first heap   total 69632K, used 24822K [0x0000000600000000, 0x0000000800000000)
  region size 4096K, 1 young (4096K), 1 survivors (4096K)
 Metaspace       used 35725K, committed 35968K, reserved 1114112K
  class space    used 4127K, committed 4288K, reserved 1048576K
}
Event: 8.200 GC heap before
{Heap before GC invocations=7 (full 0):
 garbage-first heap   total 69632K, used 41206K [0x0000000600000000, 0x0000000800000000)
  region size 4096K, 5 young (20480K), 1 survivors (4096K)
 Metaspace       used 37671K, committed 37888K, reserved 1114112K
  class space    used 4386K, committed 4480K, reserved 1048576K
}
Event: 8.204 GC heap after
{Heap after GC invocations=8 (full 0):
 garbage-first heap   total 69632K, used 25565K [0x0000000600000000, 0x0000000800000000)
  region size 4096K, 1 young (4096K), 1 survivors (4096K)
 Metaspace       used 37671K, committed 37888K, reserved 1114112K
  class space    used 4386K, committed 4480K, reserved 1048576K
}
Event: 8.209 GC heap before
{Heap before GC invocations=8 (full 0):
 garbage-first heap   total 69632K, used 29661K [0x0000000600000000, 0x0000000800000000)
  region size 4096K, 2 young (8192K), 1 survivors (4096K)
 Metaspace       used 37671K, committed 37888K, reserved 1114112K
  class space    used 4386K, committed 4480K, reserved 1048576K
}
Event: 8.216 GC heap after
{Heap after GC invocations=9 (full 0):
 garbage-first heap   total 69632K, used 25022K [0x0000000600000000, 0x0000000800000000)
  region size 4096K, 1 young (4096K), 1 survivors (4096K)
 Metaspace       used 37671K, committed 37888K, reserved 1114112K
  class space    used 4386K, committed 4480K, reserved 1048576K
}
Event: 8.234 GC heap before
{Heap before GC invocations=9 (full 0):
 garbage-first heap   total 69632K, used 41406K [0x0000000600000000, 0x0000000800000000)
  region size 4096K, 5 young (20480K), 1 survivors (4096K)
 Metaspace       used 37671K, committed 37888K, reserved 1114112K
  class space    used 4386K, committed 4480K, reserved 1048576K
}
Event: 8.237 GC heap after
{Heap after GC invocations=10 (full 0):
 garbage-first heap   total 299008K, used 25244K [0x0000000600000000, 0x0000000800000000)
  region size 4096K, 1 young (4096K), 1 survivors (4096K)
 Metaspace       used 37671K, committed 37888K, reserved 1114112K
  class space    used 4386K, committed 4480K, reserved 1048576K
}

Dll operation events (9 events):
Event: 0.024 Loaded shared library /Applications/Eclipse.app/Contents/Eclipse/plugins/org.eclipse.justj.openjdk.hotspot.jre.full.macosx.x86_64_17.0.9.v20231028-0858/jre/lib/libjava.dylib
Event: 0.203 Loaded shared library /Applications/Eclipse.app/Contents/Eclipse/plugins/org.eclipse.justj.openjdk.hotspot.jre.full.macosx.x86_64_17.0.9.v20231028-0858/jre/lib/libnio.dylib
Event: 0.222 Loaded shared library /Applications/Eclipse.app/Contents/Eclipse/plugins/org.eclipse.justj.openjdk.hotspot.jre.full.macosx.x86_64_17.0.9.v20231028-0858/jre/lib/libzip.dylib
Event: 0.429 Loaded shared library /Applications/Eclipse.app/Contents/Eclipse/plugins/org.eclipse.justj.openjdk.hotspot.jre.full.macosx.x86_64_17.0.9.v20231028-0858/jre/lib/libverify.dylib
Event: 0.584 Loaded shared library /Applications/Eclipse.app/Contents/Eclipse/plugins/org.eclipse.justj.openjdk.hotspot.jre.full.macosx.x86_64_17.0.9.v20231028-0858/jre/lib/libjimage.dylib
Event: 0.688 Loaded shared library /Applications/Eclipse.app/Contents/Eclipse/plugins/org.eclipse.justj.openjdk.hotspot.jre.full.macosx.x86_64_17.0.9.v20231028-0858/jre/lib/libnet.dylib
Event: 0.717 Loaded shared library /Applications/Eclipse.app/Contents/Eclipse/plugins/org.eclipse.justj.openjdk.hotspot.jre.full.macosx.x86_64_17.0.9.v20231028-0858/jre/lib/libextnet.dylib
Event: 2.139 Loaded shared library /Applications/Eclipse.app/Contents/Eclipse/plugins/org.eclipse.justj.openjdk.hotspot.jre.full.macosx.x86_64_17.0.9.v20231028-0858/jre/lib/libmanagement.dylib
Event: 2.146 Loaded shared library /Applications/Eclipse.app/Contents/Eclipse/plugins/org.eclipse.justj.openjdk.hotspot.jre.full.macosx.x86_64_17.0.9.v20231028-0858/jre/lib/libmanagement_ext.dylib

Deoptimization events (20 events):
Event: 8.172 Thread 0x00007fb0d4008a00 Uncommon trap: trap_request=0xffffffc6 fr.pc=0x0000000116b14a78 relative=0x0000000000000918
Event: 8.172 Thread 0x00007fb0d4008a00 Uncommon trap: reason=bimorphic_or_optimized_type_check action=maybe_recompile pc=0x0000000116b14a78 method=java.io.DataInputStream.readUnsignedShort()I @ 6 c2
Event: 8.172 Thread 0x00007fb0d4008a00 DEOPT PACKING pc=0x0000000116b14a78 sp=0x00007000019d3190
Event: 8.172 Thread 0x00007fb0d4008a00 DEOPT UNPACKING pc=0x000000011656f699 sp=0x00007000019d3158 mode 2
Event: 8.554 Thread 0x00007fb0d4008a00 Uncommon trap: trap_request=0xffffff45 fr.pc=0x0000000116bc5550 relative=0x00000000000001b0
Event: 8.554 Thread 0x00007fb0d4008a00 Uncommon trap: reason=unstable_if action=reinterpret pc=0x0000000116bc5550 method=org.apache.xmlbeans.impl.store.Cur.isNormal()Z @ 60 c2
Event: 8.554 Thread 0x00007fb0d4008a00 DEOPT PACKING pc=0x0000000116bc5550 sp=0x00007000019d5ba0
Event: 8.554 Thread 0x00007fb0d4008a00 DEOPT UNPACKING pc=0x000000011656f699 sp=0x00007000019d5b60 mode 2
Event: 8.599 Thread 0x00007fb0d4008a00 Uncommon trap: trap_request=0xffffff45 fr.pc=0x0000000116b521d4 relative=0x0000000000000674
Event: 8.599 Thread 0x00007fb0d4008a00 Uncommon trap: reason=unstable_if action=reinterpret pc=0x0000000116b521d4 method=java.lang.String.regionMatches(ZILjava/lang/String;II)Z @ 21 c2
Event: 8.599 Thread 0x00007fb0d4008a00 DEOPT PACKING pc=0x0000000116b521d4 sp=0x00007000019d5f70
Event: 8.599 Thread 0x00007fb0d4008a00 DEOPT UNPACKING pc=0x000000011656f699 sp=0x00007000019d5f38 mode 2
Event: 8.626 Thread 0x00007fb0d4008a00 Uncommon trap: trap_request=0xffffffde fr.pc=0x0000000116b1a728 relative=0x0000000000001088
Event: 8.626 Thread 0x00007fb0d4008a00 Uncommon trap: reason=class_check action=maybe_recompile pc=0x0000000116b1a728 method=java.util.concurrent.ConcurrentHashMap.putVal(Ljava/lang/Object;Ljava/lang/Object;Z)Ljava/lang/Object; @ 242 c2
Event: 8.626 Thread 0x00007fb0d4008a00 DEOPT PACKING pc=0x0000000116b1a728 sp=0x00007000019d6b90
Event: 8.626 Thread 0x00007fb0d4008a00 DEOPT UNPACKING pc=0x000000011656f699 sp=0x00007000019d6b20 mode 2
Event: 8.661 Thread 0x00007fb0d4008a00 Uncommon trap: trap_request=0xffffff45 fr.pc=0x0000000116b85938 relative=0x0000000000000038
Event: 8.661 Thread 0x00007fb0d4008a00 Uncommon trap: reason=unstable_if action=reinterpret pc=0x0000000116b85938 method=java.lang.Character.charCount(I)I @ 3 c2
Event: 8.661 Thread 0x00007fb0d4008a00 DEOPT PACKING pc=0x0000000116b85938 sp=0x00007000019d6cf0
Event: 8.661 Thread 0x00007fb0d4008a00 DEOPT UNPACKING pc=0x000000011656f699 sp=0x00007000019d6c98 mode 2

Classes unloaded (0 events):
No events

Classes redefined (0 events):
No events

Internal exceptions (20 events):
Event: 7.718 Thread 0x00007fb0d4008a00 Exception <a 'java/lang/NoSuchMethodError'{0x0000000603a968d8}: 'void java.lang.invoke.DelegatingMethodHandle$Holder.delegate(java.lang.Object, java.lang.Object, int, java.lang.Object)'> (0x0000000603a968d8) 
thrown [src/hotspot/share/interpreter/linkResolver.cpp, line 759]
Event: 7.727 Thread 0x00007fb0d4008a00 Exception <a 'java/lang/IncompatibleClassChangeError'{0x0000000603adb348}: Found class java.lang.Object, but interface was expected> (0x0000000603adb348) 
thrown [src/hotspot/share/interpreter/linkResolver.cpp, line 826]
Event: 7.730 Thread 0x00007fb0d4008a00 Exception <a 'java/lang/NoSuchMethodError'{0x0000000603af65c8}: 'java.lang.Object java.lang.invoke.DirectMethodHandle$Holder.newInvokeSpecial(java.lang.Object, java.lang.Object, java.lang.Object, int, java.lang.Object)'> (0x0000000603af65c8) 
thrown [src/hotspot/share/interpreter/linkResolver.cpp, line 759]
Event: 7.790 Thread 0x00007fb0d4008a00 Exception <a 'java/lang/NoSuchMethodError'{0x00000006035065b8}: 'void java.lang.invoke.DirectMethodHandle$Holder.invokeStaticInit(java.lang.Object)'> (0x00000006035065b8) 
thrown [src/hotspot/share/interpreter/linkResolver.cpp, line 759]
Event: 7.804 Thread 0x00007fb0d4008a00 Exception <a 'java/lang/NoSuchMethodError'{0x000000060357ccc8}: 'int java.lang.invoke.DirectMethodHandle$Holder.invokeSpecial(java.lang.Object, java.lang.Object, int)'> (0x000000060357ccc8) 
thrown [src/hotspot/share/interpreter/linkResolver.cpp, line 759]
Event: 7.881 Thread 0x00007fb0d4008a00 Exception <a 'java/lang/NoSuchMethodError'{0x00000006037ea4c0}: 'int java.lang.invoke.DirectMethodHandle$Holder.invokeStaticInit(java.lang.Object, java.lang.Object, java.lang.Object)'> (0x00000006037ea4c0) 
thrown [src/hotspot/share/interpreter/linkResolver.cpp, line 759]
Event: 7.888 Thread 0x00007fb0d4008a00 Exception <a 'java/lang/NoSuchMethodError'{0x000000060301a5c8}: 'void java.lang.invoke.DirectMethodHandle$Holder.invokeVirtual(java.lang.Object, java.lang.Object, java.lang.Object, java.lang.Object)'> (0x000000060301a5c8) 
thrown [src/hotspot/share/interpreter/linkResolver.cpp, line 759]
Event: 7.895 Thread 0x00007fb0d4008a00 Exception <a 'java/lang/NoSuchMethodError'{0x000000060304c740}: 'void java.lang.invoke.DirectMethodHandle$Holder.invokeStatic(java.lang.Object, java.lang.Object, java.lang.Object, int)'> (0x000000060304c740) 
thrown [src/hotspot/share/interpreter/linkResolver.cpp, line 759]
Event: 7.895 Thread 0x00007fb0d4008a00 Exception <a 'java/lang/NoSuchMethodError'{0x000000060304fea8}: 'void java.lang.invoke.DirectMethodHandle$Holder.invokeStaticInit(java.lang.Object, java.lang.Object, java.lang.Object, int)'> (0x000000060304fea8) 
thrown [src/hotspot/share/interpreter/linkResolver.cpp, line 759]
Event: 7.968 Thread 0x00007fb0d4008a00 Exception <a 'java/lang/NoSuchMethodError'{0x0000000603261c88}: 'java.lang.Object java.lang.invoke.DirectMethodHandle$Holder.invokeStaticInit(java.lang.Object, java.lang.Object, java.lang.Object)'> (0x0000000603261c88) 
thrown [src/hotspot/share/interpreter/linkResolver.cpp, line 759]
Event: 7.969 Thread 0x00007fb0d4008a00 Exception <a 'java/lang/NoSuchMethodError'{0x0000000603268018}: 'java.lang.Object java.lang.invoke.DirectMethodHandle$Holder.invokeStatic(java.lang.Object, java.lang.Object, int, int)'> (0x0000000603268018) 
thrown [src/hotspot/share/interpreter/linkResolver.cpp, line 759]
Event: 7.969 Thread 0x00007fb0d4008a00 Exception <a 'java/lang/NoSuchMethodError'{0x000000060326ba90}: 'java.lang.Object java.lang.invoke.DirectMethodHandle$Holder.invokeStaticInit(java.lang.Object, java.lang.Object, int, int)'> (0x000000060326ba90) 
thrown [src/hotspot/share/interpreter/linkResolver.cpp, line 759]
Event: 8.117 Thread 0x00007fb0d4008a00 Implicit null exception at 0x0000000116b35de0 to 0x0000000116b37858
Event: 8.174 Thread 0x00007fb0d4008a00 Exception <a 'java/lang/NoSuchMethodError'{0x000000061efbbfb8}: 'java.lang.Object java.lang.invoke.DirectMethodHandle$Holder.newInvokeSpecial(java.lang.Object, java.lang.Object, int, java.lang.Object)'> (0x000000061efbbfb8) 
thrown [src/hotspot/share/interpreter/linkResolver.cpp, line 759]
Event: 8.174 Thread 0x00007fb0d4008a00 Exception <a 'java/lang/NoSuchMethodError'{0x000000061efc0018}: 'java.lang.Object java.lang.invoke.DirectMethodHandle$Holder.invokeSpecial(java.lang.Object, java.lang.Object, java.lang.Object, int, java.lang.Object)'> (0x000000061efc0018) 
thrown [src/hotspot/share/interpreter/linkResolver.cpp, line 759]
Event: 8.181 Thread 0x00007fb0d4008a00 Exception <a 'java/lang/NoSuchMethodError'{0x000000060381f470}: 'void java.lang.invoke.DirectMethodHandle$Holder.invokeVirtual(java.lang.Object, java.lang.Object)'> (0x000000060381f470) 
thrown [src/hotspot/share/interpreter/linkResolver.cpp, line 759]
Event: 8.548 Thread 0x00007fb0d4008a00 Exception <a 'java/lang/NoSuchMethodError'{0x0000000610e89630}: 'java.lang.Object java.lang.invoke.DirectMethodHandle$Holder.invokeVirtual(java.lang.Object, java.lang.Object, int)'> (0x0000000610e89630) 
thrown [src/hotspot/share/interpreter/linkResolver.cpp, line 759]
Event: 8.549 Thread 0x00007fb0d4008a00 Exception <a 'java/lang/NoSuchMethodError'{0x0000000610e90b78}: 'void java.lang.invoke.DirectMethodHandle$Holder.invokeVirtual(java.lang.Object, java.lang.Object, int, java.lang.Object)'> (0x0000000610e90b78) 
thrown [src/hotspot/share/interpreter/linkResolver.cpp, line 759]
Event: 8.550 Thread 0x00007fb0d4008a00 Exception <a 'java/lang/NoSuchMethodError'{0x0000000610e9b4d8}: 'void java.lang.invoke.DirectMethodHandle$Holder.invokeVirtual(java.lang.Object, java.lang.Object, int)'> (0x0000000610e9b4d8) 
thrown [src/hotspot/share/interpreter/linkResolver.cpp, line 759]
Event: 8.618 Thread 0x00007fb0d4008a00 Exception <a 'java/lang/reflect/InvocationTargetException'{0x00000006108f27e8}> (0x00000006108f27e8) 
thrown [src/hotspot/share/runtime/reflection.cpp, line 1121]

VM Operations (20 events):
Event: 6.486 Executing VM operation: Cleanup
Event: 6.486 Executing VM operation: Cleanup done
Event: 7.489 Executing VM operation: Cleanup
Event: 7.489 Executing VM operation: Cleanup done
Event: 7.717 Executing VM operation: HandshakeAllThreads
Event: 7.717 Executing VM operation: HandshakeAllThreads done
Event: 8.000 Executing VM operation: CollectForMetadataAllocation
Event: 8.004 Executing VM operation: CollectForMetadataAllocation done
Event: 8.017 Executing VM operation: G1PauseRemark
Event: 8.019 Executing VM operation: G1PauseRemark done
Event: 8.024 Executing VM operation: G1PauseCleanup
Event: 8.024 Executing VM operation: G1PauseCleanup done
Event: 8.172 Executing VM operation: HandshakeAllThreads
Event: 8.172 Executing VM operation: HandshakeAllThreads done
Event: 8.200 Executing VM operation: G1CollectForAllocation
Event: 8.204 Executing VM operation: G1CollectForAllocation done
Event: 8.209 Executing VM operation: G1CollectForAllocation
Event: 8.216 Executing VM operation: G1CollectForAllocation done
Event: 8.234 Executing VM operation: G1CollectForAllocation
Event: 8.237 Executing VM operation: G1CollectForAllocation done

Events (20 events):
Event: 8.636 loading class sun/util/resources/TimeZoneNamesBundle done
Event: 8.636 loading class sun/util/resources/cldr/TimeZoneNames done
Event: 8.636 loading class sun/util/resources/cldr/TimeZoneNames_en
Event: 8.638 loading class sun/util/resources/cldr/TimeZoneNames_en done
Event: 8.639 loading class sun/util/resources/cldr/TimeZoneNames_en_US
Event: 8.639 loading class sun/util/resources/cldr/TimeZoneNames_en_US done
Event: 8.640 loading class sun/util/cldr/CLDRBaseLocaleDataMetaInfo$TZCanonicalIDMapHolder
Event: 8.642 loading class sun/util/cldr/CLDRBaseLocaleDataMetaInfo$TZCanonicalIDMapHolder done
Event: 8.644 loading class sun/util/resources/TimeZoneNames
Event: 8.646 loading class sun/util/resources/TimeZoneNames done
Event: 8.646 loading class sun/util/resources/TimeZoneNames_en
Event: 8.646 loading class sun/util/resources/TimeZoneNames_en done
Event: 8.670 loading class java/net/InetAddress$CachedLocalHost
Event: 8.670 loading class java/net/InetAddress$CachedLocalHost done
Event: 8.672 loading class java/text/StringCharacterIterator
Event: 8.672 loading class java/text/CharacterIterator
Event: 8.672 loading class java/text/CharacterIterator done
Event: 8.672 loading class java/text/StringCharacterIterator done
Event: 8.718 Protecting memory [0x0000700002d17000,0x0000700002d1b000] with protection modes 3
Event: 8.718 Thread 0x00007fb0d514c000 Thread exited: 0x00007fb0d514c000


Dynamic libraries:
0x0000000109139000 	/Applications/Eclipse.app/Contents/Eclipse/plugins/org.eclipse.justj.openjdk.hotspot.jre.full.macosx.x86_64_17.0.9.v20231028-0858/jre/lib/libjli.dylib
0x00007ff82a43c000 	/System/Library/Frameworks/Cocoa.framework/Versions/A/Cocoa
0x00007ff812fd9000 	/System/Library/Frameworks/AppKit.framework/Versions/C/AppKit
0x00007ff816258000 	/System/Library/Frameworks/CoreData.framework/Versions/A/CoreData
0x00007ff810946000 	/System/Library/Frameworks/Foundation.framework/Versions/C/Foundation
0x00007ff81c7f1000 	/usr/lib/libSystem.B.dylib
0x00007ff8143f8000 	/System/Library/PrivateFrameworks/UIFoundation.framework/Versions/A/UIFoundation
0x00007ffb1cc68000 	/System/Library/PrivateFrameworks/CollectionViewCore.framework/Versions/A/CollectionViewCore
0x00007ff823d4d000 	/System/Library/PrivateFrameworks/RemoteViewServices.framework/Versions/A/RemoteViewServices
0x00007ff81a579000 	/System/Library/PrivateFrameworks/XCTTargetBootstrap.framework/Versions/A/XCTTargetBootstrap
0x00007ff81f18c000 	/System/Library/PrivateFrameworks/InternationalSupport.framework/Versions/A/InternationalSupport
0x00007ff81f216000 	/System/Library/PrivateFrameworks/UserActivity.framework/Versions/A/UserActivity
0x00007ffc1dce5000 	/System/Library/PrivateFrameworks/WindowManagement.framework/Versions/A/WindowManagement
0x00007ff8105ff000 	/System/Library/Frameworks/SystemConfiguration.framework/Versions/A/SystemConfiguration
0x00007ff81e541000 	/usr/lib/libspindump.dylib
0x00007ff8145d5000 	/System/Library/Frameworks/UniformTypeIdentifiers.framework/Versions/A/UniformTypeIdentifiers
0x00007ff8185b7000 	/usr/lib/libapp_launch_measurement.dylib
0x00007ff81772f000 	/System/Library/PrivateFrameworks/CoreAnalytics.framework/Versions/A/CoreAnalytics
0x00007ff8185ba000 	/System/Library/PrivateFrameworks/CoreAutoLayout.framework/Versions/A/CoreAutoLayout
0x00007ff819de9000 	/System/Library/Frameworks/Metal.framework/Versions/A/Metal
0x00007ff81ad42000 	/usr/lib/liblangid.dylib
0x00007ff81a57e000 	/System/Library/PrivateFrameworks/CoreSVG.framework/Versions/A/CoreSVG
0x00007ff814f8e000 	/System/Library/PrivateFrameworks/SkyLight.framework/Versions/A/SkyLight
0x00007ff8153e7000 	/System/Library/Frameworks/CoreGraphics.framework/Versions/A/CoreGraphics
0x00007ff8244a2000 	/System/Library/Frameworks/Accelerate.framework/Versions/A/Accelerate
0x00007ff81e3a1000 	/System/Library/PrivateFrameworks/IconServices.framework/Versions/A/IconServices
0x00007ff819dca000 	/System/Library/Frameworks/IOSurface.framework/Versions/A/IOSurface
0x00007ff81775b000 	/usr/lib/libDiagnosticMessagesClient.dylib
0x00007ff81c706000 	/usr/lib/libz.1.dylib
0x00007ff827e3f000 	/System/Library/Frameworks/ApplicationServices.framework/Versions/A/ApplicationServices
0x00007ff81a565000 	/System/Library/PrivateFrameworks/DFRFoundation.framework/Versions/A/DFRFoundation
0x00007ff812895000 	/usr/lib/libicucore.A.dylib
0x00007ff820163000 	/System/Library/Frameworks/AudioToolbox.framework/Versions/A/AudioToolbox
0x00007ff81f199000 	/System/Library/PrivateFrameworks/DataDetectorsCore.framework/Versions/A/DataDetectorsCore
0x00007ff918cf4000 	/System/Library/PrivateFrameworks/TextInput.framework/Versions/A/TextInput
0x00007ff814ee8000 	/usr/lib/libMobileGestalt.dylib
0x00007ff81a2c9000 	/System/Library/Frameworks/Carbon.framework/Versions/A/Frameworks/HIToolbox.framework/Versions/A/HIToolbox
0x00007ff817ef2000 	/System/Library/Frameworks/QuartzCore.framework/Versions/A/QuartzCore
0x00007ff8124f8000 	/System/Library/Frameworks/Security.framework/Versions/A/Security
0x00007ff823d85000 	/System/Library/Frameworks/Carbon.framework/Versions/A/Frameworks/SpeechRecognition.framework/Versions/A/SpeechRecognition
0x00007ff8182e6000 	/System/Library/PrivateFrameworks/CoreUI.framework/Versions/A/CoreUI
0x00007ff811de5000 	/System/Library/Frameworks/CoreAudio.framework/Versions/A/CoreAudio
0x00007ff81783b000 	/System/Library/Frameworks/DiskArbitration.framework/Versions/A/DiskArbitration
0x00007ff81e979000 	/System/Library/PrivateFrameworks/MultitouchSupport.framework/Versions/A/MultitouchSupport
0x00007ff814ee7000 	/usr/lib/libenergytrace.dylib
0x00007ff82e7a9000 	/System/Library/PrivateFrameworks/RenderBox.framework/Versions/A/RenderBox
0x00007ff812eb2000 	/System/Library/Frameworks/IOKit.framework/Versions/A/IOKit
0x00007ff82419d000 	/System/Library/Frameworks/CoreServices.framework/Versions/A/CoreServices
0x00007ff81854e000 	/System/Library/PrivateFrameworks/PerformanceAnalysis.framework/Versions/A/PerformanceAnalysis
0x00007ffa2b110000 	/System/Library/Frameworks/OpenGL.framework/Versions/A/OpenGL
0x00007ff818603000 	/usr/lib/libxml2.2.dylib
0x00007ff81bb3b000 	/System/Library/PrivateFrameworks/MobileKeyBag.framework/Versions/A/MobileKeyBag
0x00007ff80f55a000 	/usr/lib/libobjc.A.dylib
0x00007ff80f854000 	/usr/lib/libc++.1.dylib
0x00007ff824114000 	/System/Library/Frameworks/Accessibility.framework/Versions/A/Accessibility
0x00007ff815ba1000 	/System/Library/Frameworks/ColorSync.framework/Versions/A/ColorSync
0x00007ff80f98d000 	/System/Library/Frameworks/CoreFoundation.framework/Versions/A/CoreFoundation
0x00007ff81a8e7000 	/System/Library/Frameworks/CoreImage.framework/Versions/A/CoreImage
0x00007ff811be0000 	/System/Library/Frameworks/CoreText.framework/Versions/A/CoreText
0x00007ffb1384f000 	/System/Library/Frameworks/CoreTransferable.framework/Versions/A/CoreTransferable
0x00007ffb13c99000 	/System/Library/Frameworks/DeveloperToolsSupport.framework/Versions/A/DeveloperToolsSupport
0x00007ff81a5b7000 	/System/Library/Frameworks/ImageIO.framework/Versions/A/ImageIO
0x00007ffb17afa000 	/System/Library/Frameworks/Symbols.framework/Versions/A/Symbols
0x00007ff81c7f7000 	/System/Library/PrivateFrameworks/SoftLinking.framework/Versions/A/SoftLinking
0x00007ff81fbda000 	/usr/lib/swift/libswiftCore.dylib
0x00007ff915929000 	/usr/lib/swift/libswiftCoreFoundation.dylib
0x00007ff91374f000 	/usr/lib/swift/libswiftCoreGraphics.dylib
0x00007ff915966000 	/usr/lib/swift/libswiftCoreImage.dylib
0x00007ff913756000 	/usr/lib/swift/libswiftDarwin.dylib
0x00007ff825b1b000 	/usr/lib/swift/libswiftDispatch.dylib
0x00007ff915967000 	/usr/lib/swift/libswiftIOKit.dylib
0x00007ff9219a5000 	/usr/lib/swift/libswiftMetal.dylib
0x00007ff92e48c000 	/usr/lib/swift/libswiftOSLog.dylib
0x00007ff8282a6000 	/usr/lib/swift/libswiftObjectiveC.dylib
0x00007ff925562000 	/usr/lib/swift/libswiftQuartzCore.dylib
0x00007ff92961d000 	/usr/lib/swift/libswiftUniformTypeIdentifiers.dylib
0x00007ff915939000 	/usr/lib/swift/libswiftXPC.dylib
0x00007ffc26365000 	/usr/lib/swift/libswift_Concurrency.dylib
0x00007ff8282aa000 	/usr/lib/swift/libswiftos.dylib
0x00007ff918c56000 	/usr/lib/swift/libswiftsimd.dylib
0x00007ff81c990000 	/usr/lib/libcompression.dylib
0x00007ff81f0cc000 	/System/Library/PrivateFrameworks/TextureIO.framework/Versions/A/TextureIO
0x00007ff81e047000 	/usr/lib/libate.dylib
0x00007ff81c7eb000 	/usr/lib/system/libcache.dylib
0x00007ff81c7a6000 	/usr/lib/system/libcommonCrypto.dylib
0x00007ff81c7cf000 	/usr/lib/system/libcompiler_rt.dylib
0x00007ff81c7c5000 	/usr/lib/system/libcopyfile.dylib
0x00007ff80f69b000 	/usr/lib/system/libcorecrypto.dylib
0x00007ff80f782000 	/usr/lib/system/libdispatch.dylib
0x00007ff80f933000 	/usr/lib/system/libdyld.dylib
0x00007ff81c7e1000 	/usr/lib/system/libkeymgr.dylib
0x00007ff81c782000 	/usr/lib/system/libmacho.dylib
0x00007ff81bc15000 	/usr/lib/system/libquarantine.dylib
0x00007ff81c7df000 	/usr/lib/system/libremovefile.dylib
0x00007ff814f59000 	/usr/lib/system/libsystem_asl.dylib
0x00007ff80f639000 	/usr/lib/system/libsystem_blocks.dylib
0x00007ff80f7cc000 	/usr/lib/system/libsystem_c.dylib
0x00007ff81c7d7000 	/usr/lib/system/libsystem_collections.dylib
0x00007ff81ad33000 	/usr/lib/system/libsystem_configuration.dylib
0x00007ff819da1000 	/usr/lib/system/libsystem_containermanager.dylib
0x00007ff81c3da000 	/usr/lib/system/libsystem_coreservices.dylib
0x00007ff812b2b000 	/usr/lib/system/libsystem_darwin.dylib
0x00007ffc26686000 	/usr/lib/system/libsystem_darwindirectory.dylib
0x00007ff81c7e2000 	/usr/lib/system/libsystem_dnssd.dylib
0x00007ff80f7c9000 	/usr/lib/system/libsystem_featureflags.dylib
0x00007ff80f962000 	/usr/lib/system/libsystem_info.dylib
0x00007ff81c71a000 	/usr/lib/system/libsystem_m.dylib
0x00007ff80f749000 	/usr/lib/system/libsystem_malloc.dylib
0x00007ff814ecf000 	/usr/lib/system/libsystem_networkextension.dylib
0x00007ff812f75000 	/usr/lib/system/libsystem_notify.dylib
0x00007ff81ad37000 	/usr/lib/system/libsystem_sandbox.dylib
0x00007ff81c7dc000 	/usr/lib/system/libsystem_secinit.dylib
0x00007ff80f8ec000 	/usr/lib/system/libsystem_kernel.dylib
0x00007ff80f958000 	/usr/lib/system/libsystem_platform.dylib
0x00007ff80f927000 	/usr/lib/system/libsystem_pthread.dylib
0x00007ff816af2000 	/usr/lib/system/libsystem_symptoms.dylib
0x00007ff80f681000 	/usr/lib/system/libsystem_trace.dylib
0x00007ff81c7b2000 	/usr/lib/system/libunwind.dylib
0x00007ff80f63d000 	/usr/lib/system/libxpc.dylib
0x00007ff80f8d3000 	/usr/lib/libc++abi.dylib
0x00007ff81c7bd000 	/usr/lib/liboah.dylib
0x00007ff81ddf6000 	/usr/lib/liblzma.5.dylib
0x00007ff81c7f3000 	/usr/lib/libfakelink.dylib
0x00007ff814b20000 	/System/Library/Frameworks/CFNetwork.framework/Versions/A/CFNetwork
0x00007ff81c846000 	/usr/lib/libarchive.2.dylib
0x00007ff821fe7000 	/System/Library/Frameworks/Combine.framework/Versions/A/Combine
0x00007ffb1cc7d000 	/System/Library/PrivateFrameworks/CollectionsInternal.framework/Versions/A/CollectionsInternal
0x00007ffc11a54000 	/System/Library/PrivateFrameworks/ReflectionInternal.framework/Versions/A/ReflectionInternal
0x00007ffc11ff3000 	/System/Library/PrivateFrameworks/RuntimeInternal.framework/Versions/A/RuntimeInternal
0x00007ffc264a0000 	/usr/lib/swift/libswift_StringProcessing.dylib
0x00007ff812e30000 	/System/Library/PrivateFrameworks/CoreServicesInternal.framework/Versions/A/CoreServicesInternal
0x00007ff81bc3c000 	/usr/lib/libbsm.0.dylib
0x00007ff81c78a000 	/usr/lib/system/libkxld.dylib
0x00007ff818582000 	/System/Library/Frameworks/CoreServices.framework/Versions/A/Frameworks/FSEvents.framework/Versions/A/FSEvents
0x00007ff812b36000 	/System/Library/Frameworks/CoreServices.framework/Versions/A/Frameworks/CarbonCore.framework/Versions/A/CarbonCore
0x00007ff8177a3000 	/System/Library/Frameworks/CoreServices.framework/Versions/A/Frameworks/Metadata.framework/Versions/A/Metadata
0x00007ff81c3e0000 	/System/Library/Frameworks/CoreServices.framework/Versions/A/Frameworks/OSServices.framework/Versions/A/OSServices
0x00007ff81c8cf000 	/System/Library/Frameworks/CoreServices.framework/Versions/A/Frameworks/SearchKit.framework/Versions/A/SearchKit
0x00007ff816a78000 	/System/Library/Frameworks/CoreServices.framework/Versions/A/Frameworks/AE.framework/Versions/A/AE
0x00007ff80fe28000 	/System/Library/Frameworks/CoreServices.framework/Versions/A/Frameworks/LaunchServices.framework/Versions/A/LaunchServices
0x00007ff81dda7000 	/System/Library/Frameworks/CoreServices.framework/Versions/A/Frameworks/DictionaryServices.framework/Versions/A/DictionaryServices
0x00007ff81858f000 	/System/Library/Frameworks/CoreServices.framework/Versions/A/Frameworks/SharedFileList.framework/Versions/A/SharedFileList
0x00007ff81c959000 	/usr/lib/libapple_nghttp2.dylib
0x00007ff8166f2000 	/usr/lib/libsqlite3.dylib
0x00007ff816afa000 	/System/Library/Frameworks/Network.framework/Versions/A/Network
0x00007ffc24cf9000 	/usr/lib/libCoreEntitlements.dylib
0x00007ffb2d3fe000 	/System/Library/PrivateFrameworks/MessageSecurity.framework/Versions/A/MessageSecurity
0x00007ff8166d9000 	/System/Library/PrivateFrameworks/ProtocolBuffer.framework/Versions/A/ProtocolBuffer
0x00007ff81c2fd000 	/System/Library/PrivateFrameworks/AppleFSCompression.framework/Versions/A/AppleFSCompression
0x00007ff81bc24000 	/usr/lib/libcoretls.dylib
0x00007ff81de0f000 	/usr/lib/libcoretls_cfhelpers.dylib
0x00007ff81c98a000 	/usr/lib/libpam.2.dylib
0x00007ff81de87000 	/usr/lib/libxar.1.dylib
0x00007ff81e37a000 	/usr/lib/libheimdal-asn1.dylib
0x00007ff814b1f000 	/usr/lib/libnetwork.dylib
0x00007ff81c7f8000 	/usr/lib/libpcap.A.dylib
0x00007ff816ae8000 	/usr/lib/libdns_services.dylib
0x00007ff81ad3e000 	/System/Library/PrivateFrameworks/AppleSystemInfo.framework/Versions/A/AppleSystemInfo
0x00007ff81b93d000 	/System/Library/PrivateFrameworks/IOMobileFramebuffer.framework/Versions/A/IOMobileFramebuffer
0x00007ffc263ec000 	/usr/lib/swift/libswift_RegexParser.dylib
0x00007ff81c3cb000 	/usr/lib/libbz2.1.0.dylib
0x00007ff81bc18000 	/usr/lib/libCheckFix.dylib
0x00007ff814f70000 	/System/Library/PrivateFrameworks/TCC.framework/Versions/A/TCC
0x00007ff81ad44000 	/System/Library/PrivateFrameworks/CoreNLP.framework/Versions/A/CoreNLP
0x00007ff81775d000 	/System/Library/PrivateFrameworks/MetadataUtilities.framework/Versions/A/MetadataUtilities
0x00007ff81bc4c000 	/usr/lib/libmecab.dylib
0x00007ff810686000 	/usr/lib/libCRFSuite.dylib
0x00007ff81bca5000 	/usr/lib/libgermantok.dylib
0x00007ff81c935000 	/usr/lib/libThaiTokenizer.dylib
0x00007ff817843000 	/System/Library/Frameworks/Accelerate.framework/Versions/A/Frameworks/vImage.framework/Versions/A/vImage
0x00007ff824170000 	/System/Library/Frameworks/Accelerate.framework/Versions/A/Frameworks/vecLib.framework/Versions/A/vecLib
0x00007ff81dec9000 	/System/Library/Frameworks/Accelerate.framework/Versions/A/Frameworks/vecLib.framework/Versions/A/libvMisc.dylib
0x00007ff81b72d000 	/System/Library/Frameworks/Accelerate.framework/Versions/A/Frameworks/vecLib.framework/Versions/A/libvDSP.dylib
0x00007ff81022f000 	/System/Library/Frameworks/Accelerate.framework/Versions/A/Frameworks/vecLib.framework/Versions/A/libBLAS.dylib
0x00007ff81ca70000 	/System/Library/Frameworks/Accelerate.framework/Versions/A/Frameworks/vecLib.framework/Versions/A/libLAPACK.dylib
0x00007ff81bca8000 	/System/Library/Frameworks/Accelerate.framework/Versions/A/Frameworks/vecLib.framework/Versions/A/libLinearAlgebra.dylib
0x00007ff81c974000 	/System/Library/Frameworks/Accelerate.framework/Versions/A/Frameworks/vecLib.framework/Versions/A/libSparseBLAS.dylib
0x00007ff81ca6a000 	/System/Library/Frameworks/Accelerate.framework/Versions/A/Frameworks/vecLib.framework/Versions/A/libQuadrature.dylib
0x00007ff81ae53000 	/System/Library/Frameworks/Accelerate.framework/Versions/A/Frameworks/vecLib.framework/Versions/A/libBNNS.dylib
0x00007ff810587000 	/System/Library/Frameworks/Accelerate.framework/Versions/A/Frameworks/vecLib.framework/Versions/A/libSparse.dylib
0x00007ffb2bd86000 	/System/Library/PrivateFrameworks/MIL.framework/Versions/A/MIL
0x00007ff81c82e000 	/usr/lib/libiconv.2.dylib
0x00007ff81c77e000 	/usr/lib/libcharset.1.dylib
0x00007ff818566000 	/System/Library/Frameworks/OpenDirectory.framework/Versions/A/Frameworks/CFOpenDirectory.framework/Versions/A/CFOpenDirectory
0x00007ff81855a000 	/System/Library/Frameworks/OpenDirectory.framework/Versions/A/OpenDirectory
0x00007ff81de11000 	/System/Library/PrivateFrameworks/APFS.framework/Versions/A/APFS
0x00007ff81bb5e000 	/System/Library/Frameworks/SecurityFoundation.framework/Versions/A/SecurityFoundation
0x00007ff81de95000 	/usr/lib/libutil.dylib
0x00007ffb2a195000 	/System/Library/PrivateFrameworks/InstalledContentLibrary.framework/Versions/A/InstalledContentLibrary
0x00007ff812e72000 	/System/Library/PrivateFrameworks/CoreServicesStore.framework/Versions/A/CoreServicesStore
0x00007ffb1ab5b000 	/System/Library/PrivateFrameworks/AppleMobileFileIntegrity.framework/Versions/A/AppleMobileFileIntegrity
0x00007ff915909000 	/usr/lib/libmis.dylib
0x00007ff925a33000 	/System/Library/PrivateFrameworks/MobileSystemServices.framework/Versions/A/MobileSystemServices
0x00007ffa2342e000 	/System/Library/PrivateFrameworks/ConfigProfileHelper.framework/Versions/A/ConfigProfileHelper
0x00007ff81c937000 	/System/Library/PrivateFrameworks/AppleSauce.framework/Versions/A/AppleSauce
0x00007ff81157e000 	/System/Library/PrivateFrameworks/LanguageModeling.framework/Versions/A/LanguageModeling
0x00007ff81de99000 	/usr/lib/libxslt.1.dylib
0x00007ff81c835000 	/usr/lib/libcmph.dylib
0x00007ff81b90c000 	/System/Library/PrivateFrameworks/CoreEmoji.framework/Versions/A/CoreEmoji
0x00007ff81ae4e000 	/System/Library/PrivateFrameworks/LinguisticData.framework/Versions/A/LinguisticData
0x00007ff8104a4000 	/System/Library/PrivateFrameworks/Lexicon.framework/Versions/A/Lexicon
0x00007ff81bbe7000 	/System/Library/PrivateFrameworks/BackgroundTaskManagement.framework/Versions/A/BackgroundTaskManagement
0x00007ffc24e75000 	/usr/lib/libTLE.dylib
0x00007ff81e83b000 	/System/Library/PrivateFrameworks/AppleJPEG.framework/Versions/A/AppleJPEG
0x00007ff81e35f000 	/usr/lib/libexpat.1.dylib
0x00007ff81ef22000 	/System/Library/Frameworks/ImageIO.framework/Versions/A/Resources/libPng.dylib
0x00007ff81ef4f000 	/System/Library/Frameworks/ImageIO.framework/Versions/A/Resources/libTIFF.dylib
0x00007ff81f044000 	/System/Library/Frameworks/ImageIO.framework/Versions/A/Resources/libGIF.dylib
0x00007ff81e887000 	/System/Library/Frameworks/ImageIO.framework/Versions/A/Resources/libJP2.dylib
0x00007ff81efe3000 	/System/Library/Frameworks/ImageIO.framework/Versions/A/Resources/libJPEG.dylib
0x00007ff81efda000 	/System/Library/Frameworks/ImageIO.framework/Versions/A/Resources/libRadiance.dylib
0x00007ff81a169000 	/System/Library/PrivateFrameworks/FontServices.framework/libFontParser.dylib
0x00007ff816a19000 	/System/Library/PrivateFrameworks/RunningBoardServices.framework/Versions/A/RunningBoardServices
0x00007ff82abcb000 	/System/Library/PrivateFrameworks/IOSurfaceAccelerator.framework/Versions/A/IOSurfaceAccelerator
0x00007ff81e975000 	/System/Library/PrivateFrameworks/WatchdogClient.framework/Versions/A/WatchdogClient
0x00007ff811747000 	/System/Library/Frameworks/CoreDisplay.framework/Versions/A/CoreDisplay
0x00007ff81a03a000 	/System/Library/Frameworks/CoreMedia.framework/Versions/A/CoreMedia
0x00007ff819de0000 	/System/Library/PrivateFrameworks/IOAccelerator.framework/Versions/A/IOAccelerator
0x00007ff8186e3000 	/System/Library/Frameworks/CoreVideo.framework/Versions/A/CoreVideo
0x00007ff81c988000 	/System/Library/Frameworks/MetalPerformanceShaders.framework/Versions/A/MetalPerformanceShaders
0x00007ff81e9b6000 	/System/Library/Frameworks/VideoToolbox.framework/Versions/A/VideoToolbox
0x00007ff81876f000 	/System/Library/PrivateFrameworks/UserManagement.framework/Versions/A/UserManagement
0x00007ff81694b000 	/System/Library/PrivateFrameworks/BaseBoard.framework/Versions/A/BaseBoard
0x00007ff81ad3d000 	/System/Library/PrivateFrameworks/AggregateDictionary.framework/Versions/A/AggregateDictionary
0x00007ffb1aadb000 	/System/Library/PrivateFrameworks/AppleKeyStore.framework/Versions/A/AppleKeyStore
0x00007ff81efd3000 	/System/Library/PrivateFrameworks/GPUWrangler.framework/Versions/A/GPUWrangler
0x00007ff81efb7000 	/System/Library/PrivateFrameworks/IOPresentment.framework/Versions/A/IOPresentment
0x00007ff81efdd000 	/System/Library/PrivateFrameworks/DSExternalDisplay.framework/Versions/A/DSExternalDisplay
0x00007ffb261da000 	/System/Library/PrivateFrameworks/GPUCompiler.framework/Versions/32023/Libraries/libllvm-flatbuffers.dylib
0x00007ffa2b104000 	/System/Library/Frameworks/OpenGL.framework/Versions/A/Libraries/libCoreFSCache.dylib
0x00007ffb23382000 	/System/Library/PrivateFrameworks/GPUCompiler.framework/Versions/32023/Libraries/libGPUCompilerUtils.dylib
0x00007ff81f04a000 	/System/Library/PrivateFrameworks/CMCaptureCore.framework/Versions/A/CMCaptureCore
0x00007ffb13d7b000 	/System/Library/Frameworks/ExtensionFoundation.framework/Versions/A/ExtensionFoundation
0x00007ff82634b000 	/System/Library/PrivateFrameworks/CoreTime.framework/Versions/A/CoreTime
0x00007ff81e527000 	/System/Library/PrivateFrameworks/AppServerSupport.framework/Versions/A/AppServerSupport
0x00007ff820ab4000 	/System/Library/PrivateFrameworks/perfdata.framework/Versions/A/perfdata
0x00007ff811873000 	/System/Library/PrivateFrameworks/AudioToolboxCore.framework/Versions/A/AudioToolboxCore
0x00007ff81a014000 	/System/Library/PrivateFrameworks/caulk.framework/Versions/A/caulk
0x00007ff820352000 	/usr/lib/libAudioStatistics.dylib
0x00007ff914cc4000 	/System/Library/PrivateFrameworks/SystemPolicy.framework/Versions/A/SystemPolicy
0x00007ff82061e000 	/usr/lib/libSMC.dylib
0x00007ff82a2a0000 	/System/Library/Frameworks/CoreMIDI.framework/Versions/A/CoreMIDI
0x00007ff81eee9000 	/usr/lib/libAudioToolboxUtility.dylib
0x00007ff910593000 	/System/Library/PrivateFrameworks/OSAServicesClient.framework/Versions/A/OSAServicesClient
0x00007ff820ac1000 	/usr/lib/libperfcheck.dylib
0x00007ff81e240000 	/System/Library/PrivateFrameworks/PlugInKit.framework/Versions/A/PlugInKit
0x00007ff81bb51000 	/System/Library/PrivateFrameworks/AssertionServices.framework/Versions/A/AssertionServices
0x00007ffa122e0000 	/System/Library/PrivateFrameworks/Symbolication.framework/Versions/A/Symbolication
0x00007ffc10bbb000 	/System/Library/PrivateFrameworks/PhotosensitivityProcessing.framework/Versions/A/PhotosensitivityProcessing
0x00007ffa2c710000 	/System/Library/Frameworks/OpenCL.framework/Versions/A/OpenCL
0x00007ff81e4d2000 	/System/Library/PrivateFrameworks/GraphVisualizer.framework/Versions/A/GraphVisualizer
0x00007ffa2b161000 	/System/Library/Frameworks/OpenGL.framework/Versions/A/Libraries/libGLU.dylib
0x00007ffa2b123000 	/System/Library/Frameworks/OpenGL.framework/Versions/A/Libraries/libGFXShared.dylib
0x00007ffa2b320000 	/System/Library/Frameworks/OpenGL.framework/Versions/A/Libraries/libGL.dylib
0x00007ffa2b12b000 	/System/Library/Frameworks/OpenGL.framework/Versions/A/Libraries/libGLImage.dylib
0x00007ffa2b120000 	/System/Library/Frameworks/OpenGL.framework/Versions/A/Libraries/libCVMSPluginSupport.dylib
0x00007ffc24e2f000 	/usr/lib/libRosetta.dylib
0x00007ffa2b10b000 	/System/Library/Frameworks/OpenGL.framework/Versions/A/Libraries/libCoreVMClient.dylib
0x00007ffb216f0000 	/System/Library/PrivateFrameworks/FontServices.framework/Versions/A/FontServices
0x00007ff81e4e1000 	/System/Library/PrivateFrameworks/OTSVG.framework/Versions/A/OTSVG
0x00007ff81829a000 	/System/Library/Frameworks/ApplicationServices.framework/Versions/A/Frameworks/ATS.framework/Versions/A/Resources/libFontRegistry.dylib
0x00007ff81e535000 	/System/Library/PrivateFrameworks/FontServices.framework/libhvf.dylib
0x00007ffb216f1000 	/System/Library/PrivateFrameworks/FontServices.framework/libXTFontStaticRegistryData.dylib
0x00007ff81acb2000 	/System/Library/Frameworks/MetalPerformanceShaders.framework/Versions/A/Frameworks/MPSCore.framework/Versions/A/MPSCore
0x00007ff81c263000 	/System/Library/Frameworks/MetalPerformanceShaders.framework/Versions/A/Frameworks/MPSImage.framework/Versions/A/MPSImage
0x00007ff81bcbe000 	/System/Library/Frameworks/MetalPerformanceShaders.framework/Versions/A/Frameworks/MPSNeuralNetwork.framework/Versions/A/MPSNeuralNetwork
0x00007ff81c137000 	/System/Library/Frameworks/MetalPerformanceShaders.framework/Versions/A/Frameworks/MPSMatrix.framework/Versions/A/MPSMatrix
0x00007ff81beea000 	/System/Library/Frameworks/MetalPerformanceShaders.framework/Versions/A/Frameworks/MPSRayIntersector.framework/Versions/A/MPSRayIntersector
0x00007ff81c172000 	/System/Library/Frameworks/MetalPerformanceShaders.framework/Versions/A/Frameworks/MPSNDArray.framework/Versions/A/MPSNDArray
0x00007ffb152c3000 	/System/Library/Frameworks/MetalPerformanceShaders.framework/Versions/A/Frameworks/MPSFunctions.framework/Versions/A/MPSFunctions
0x00007ffb152a5000 	/System/Library/Frameworks/MetalPerformanceShaders.framework/Versions/A/Frameworks/MPSBenchmarkLoop.framework/Versions/A/MPSBenchmarkLoop
0x00007ff8100df000 	/System/Library/PrivateFrameworks/MetalTools.framework/Versions/A/MetalTools
0x00007ff919f93000 	/System/Library/PrivateFrameworks/IOAccelMemoryInfo.framework/Versions/A/IOAccelMemoryInfo
0x00007ff925945000 	/System/Library/PrivateFrameworks/kperf.framework/Versions/A/kperf
0x00007ff91591c000 	/System/Library/PrivateFrameworks/GPURawCounter.framework/Versions/A/GPURawCounter
0x00007ff82623f000 	/System/Library/PrivateFrameworks/CoreSymbolication.framework/Versions/A/CoreSymbolication
0x00007ff9158da000 	/System/Library/PrivateFrameworks/MallocStackLogging.framework/Versions/A/MallocStackLogging
0x00007ff81e0e7000 	/System/Library/PrivateFrameworks/CrashReporterSupport.framework/Versions/A/CrashReporterSupport
0x00007ff826200000 	/System/Library/PrivateFrameworks/DebugSymbols.framework/Versions/A/DebugSymbols
0x00007ff924c5e000 	/System/Library/PrivateFrameworks/OSAnalytics.framework/Versions/A/OSAnalytics
0x00007ffc1c3c6000 	/System/Library/PrivateFrameworks/VideoToolboxParavirtualizationSupport.framework/Versions/A/VideoToolboxParavirtualizationSupport
0x00007ff81e30f000 	/System/Library/PrivateFrameworks/AppleVA.framework/Versions/A/AppleVA
0x00007ff820396000 	/System/Library/Frameworks/ApplicationServices.framework/Versions/A/Frameworks/ATS.framework/Versions/A/ATS
0x00007ff815d4d000 	/System/Library/Frameworks/ApplicationServices.framework/Versions/A/Frameworks/HIServices.framework/Versions/A/HIServices
0x00007ff81f058000 	/System/Library/Frameworks/ApplicationServices.framework/Versions/A/Frameworks/PrintCore.framework/Versions/A/PrintCore
0x00007ff820774000 	/System/Library/Frameworks/ApplicationServices.framework/Versions/A/Frameworks/QD.framework/Versions/A/QD
0x00007ff82076c000 	/System/Library/Frameworks/ApplicationServices.framework/Versions/A/Frameworks/ColorSyncLegacy.framework/Versions/A/ColorSyncLegacy
0x00007ff82036a000 	/System/Library/Frameworks/ApplicationServices.framework/Versions/A/Frameworks/SpeechSynthesis.framework/Versions/A/SpeechSynthesis
0x00007ff81f014000 	/System/Library/Frameworks/ApplicationServices.framework/Versions/A/Frameworks/ATSUI.framework/Versions/A/ATSUI
0x00007ff8206fe000 	/usr/lib/libcups.2.dylib
0x00007ff820ad0000 	/System/Library/Frameworks/Kerberos.framework/Versions/A/Kerberos
0x00007ff820adf000 	/System/Library/Frameworks/GSS.framework/Versions/A/GSS
0x00007ff82040f000 	/usr/lib/libresolv.9.dylib
0x00007ff81e547000 	/System/Library/PrivateFrameworks/Heimdal.framework/Versions/A/Heimdal
0x00007ff828213000 	/System/Library/Frameworks/Kerberos.framework/Versions/A/Libraries/libHeimdalProxy.dylib
0x00007ff820b2c000 	/System/Library/PrivateFrameworks/CommonAuth.framework/Versions/A/CommonAuth
0x00007ffb12c6e000 	/System/Library/Frameworks/AVFAudio.framework/Versions/A/AVFAudio
0x00007ff9105dc000 	/System/Library/PrivateFrameworks/AXCoreUtilities.framework/Versions/A/AXCoreUtilities
0x00007ff8202da000 	/System/Library/PrivateFrameworks/AudioSession.framework/Versions/A/AudioSession
0x00007ff821daf000 	/System/Library/Frameworks/IOBluetooth.framework/Versions/A/IOBluetooth
0x00007ff81e41e000 	/System/Library/PrivateFrameworks/MediaExperience.framework/Versions/A/MediaExperience
0x00007ff82012e000 	/System/Library/PrivateFrameworks/AudioSession.framework/libSessionUtility.dylib
0x00007ff820780000 	/System/Library/PrivateFrameworks/AudioResourceArbitration.framework/Versions/A/AudioResourceArbitration
0x00007ff824eaf000 	/System/Library/PrivateFrameworks/PowerLog.framework/Versions/A/PowerLog
0x00007ff824dd0000 	/System/Library/Frameworks/CoreBluetooth.framework/Versions/A/CoreBluetooth
0x00007ff828214000 	/System/Library/Frameworks/AudioUnit.framework/Versions/A/AudioUnit
0x00007ff81b9c5000 	/System/Library/PrivateFrameworks/CoreUtils.framework/Versions/A/CoreUtils
0x00007ffb1fd88000 	/System/Library/PrivateFrameworks/CoreUtilsExtras.framework/Versions/A/CoreUtilsExtras
0x00007ffb2a022000 	/System/Library/PrivateFrameworks/IO80211.framework/Versions/A/IO80211
0x00007ff9105f3000 	/usr/lib/libAccessibility.dylib
0x00007ff8244eb000 	/System/Library/Frameworks/MediaAccessibility.framework/Versions/A/MediaAccessibility
0x00007ff825d58000 	/System/Library/PrivateFrameworks/FrontBoardServices.framework/Versions/A/FrontBoardServices
0x00007ff8277ff000 	/System/Library/PrivateFrameworks/BackBoardServices.framework/Versions/A/BackBoardServices
0x00007ff825e14000 	/System/Library/PrivateFrameworks/BoardServices.framework/Versions/A/BoardServices
0x00007ff81e383000 	/System/Library/PrivateFrameworks/IconFoundation.framework/Versions/A/IconFoundation
0x00007ff823d75000 	/System/Library/PrivateFrameworks/SpeechRecognitionCore.framework/Versions/A/SpeechRecognitionCore
0x00007ffa15a56000 	/System/Library/Frameworks/OSLog.framework/Versions/A/OSLog
0x00007ff915867000 	/System/Library/PrivateFrameworks/LoggingSupport.framework/Versions/A/LoggingSupport
0x000000010a850000 	/Applications/Eclipse.app/Contents/Eclipse/plugins/org.eclipse.justj.openjdk.hotspot.jre.full.macosx.x86_64_17.0.9.v20231028-0858/jre/lib/server/libjvm.dylib
0x00000001091ce000 	/Applications/Eclipse.app/Contents/Eclipse/plugins/org.eclipse.justj.openjdk.hotspot.jre.full.macosx.x86_64_17.0.9.v20231028-0858/jre/lib/libjimage.dylib
0x000000010920c000 	/Applications/Eclipse.app/Contents/Eclipse/plugins/org.eclipse.justj.openjdk.hotspot.jre.full.macosx.x86_64_17.0.9.v20231028-0858/jre/lib/libjava.dylib
0x00000001094bf000 	/Applications/Eclipse.app/Contents/Eclipse/plugins/org.eclipse.justj.openjdk.hotspot.jre.full.macosx.x86_64_17.0.9.v20231028-0858/jre/lib/libzip.dylib
0x0000000109497000 	/Applications/Eclipse.app/Contents/Eclipse/plugins/org.eclipse.justj.openjdk.hotspot.jre.full.macosx.x86_64_17.0.9.v20231028-0858/jre/lib/libnio.dylib
0x00000001094e7000 	/Applications/Eclipse.app/Contents/Eclipse/plugins/org.eclipse.justj.openjdk.hotspot.jre.full.macosx.x86_64_17.0.9.v20231028-0858/jre/lib/libnet.dylib
0x0000000109507000 	/Applications/Eclipse.app/Contents/Eclipse/plugins/org.eclipse.justj.openjdk.hotspot.jre.full.macosx.x86_64_17.0.9.v20231028-0858/jre/lib/libverify.dylib
0x00000001091fc000 	/Applications/Eclipse.app/Contents/Eclipse/plugins/org.eclipse.justj.openjdk.hotspot.jre.full.macosx.x86_64_17.0.9.v20231028-0858/jre/lib/libextnet.dylib
0x00007ff81fb77000 	/usr/lib/libusrtcp.dylib
0x00007ff814a4b000 	/usr/lib/libboringssl.dylib
0x000000010952e000 	/Applications/Eclipse.app/Contents/Eclipse/plugins/org.eclipse.justj.openjdk.hotspot.jre.full.macosx.x86_64_17.0.9.v20231028-0858/jre/lib/libmanagement.dylib
0x000000010953e000 	/Applications/Eclipse.app/Contents/Eclipse/plugins/org.eclipse.justj.openjdk.hotspot.jre.full.macosx.x86_64_17.0.9.v20231028-0858/jre/lib/libmanagement_ext.dylib


VM Arguments:
jvm_args: -ea -Dfile.encoding=UTF-8 -Dstdout.encoding=UTF-8 -Dstderr.encoding=UTF-8 -XX:+ShowCodeDetailsInExceptionMessages 
java_command: org.testng.remote.RemoteTestNG -serport 60413 -protocol json -d /Users/muneeb.akhtar/eclipse-workspace/OrderAppTask/test-output /var/folders/6d/27kh_gqs16j4z_kht11tvvgrsm8y_1/T/testng-eclipse-965232783/testng-customsuite.xml
java_class_path (initial): /Applications/Eclipse.app/Contents/Eclipse/configuration/org.eclipse.osgi/541/0/.cp/lib/testng-remote.jar:/Users/muneeb.akhtar/eclipse-workspace/OrderAppTask/bin:/Users/muneeb.akhtar/eclipse-workspace/OrderAppTask/lib/async-http-client-2.12.3.jar:/Users/muneeb.akhtar/eclipse-workspace/OrderAppTask/lib/async-http-client-netty-utils-2.12.3.jar:/Users/muneeb.akhtar/eclipse-workspace/OrderAppTask/lib/auto-common-1.2.1.jar:/Users/muneeb.akhtar/eclipse-workspace/OrderAppTask/lib/auto-service-1.0.1.jar:/Users/muneeb.akhtar/eclipse-workspace/OrderAppTask/lib/auto-service-annotations-1.0.1.jar:/Users/muneeb.akhtar/eclipse-workspace/OrderAppTask/lib/byte-buddy-1.12.18.jar:/Users/muneeb.akhtar/eclipse-workspace/OrderAppTask/lib/checker-qual-3.12.0.jar:/Users/muneeb.akhtar/eclipse-workspace/OrderAppTask/lib/commons-codec-1.16.0.jar:/Users/muneeb.akhtar/eclipse-workspace/OrderAppTask/lib/commons-collections4-4.4.jar:/Users/muneeb.akhtar/eclipse-workspace/OrderAppTask/lib/commons-compress-1.25.0.jar:/Users/muneeb.akhtar/eclipse-workspace/OrderAppTask/lib/commons-exec-1.3.jar:/Users/muneeb.akhtar/eclipse-workspace/OrderAppTask/lib/commons-io-2.15.0.jar:/Users/muneeb.akhtar/eclipse-workspace/OrderAppTask/lib/commons-math3-3.6.1.jar:/Users/muneeb.akhtar/eclipse-workspace/OrderAppTask/lib/curvesapi-1.08.jar:/Users/muneeb.akhtar/eclipse-workspace/OrderAppTask/lib/error_prone_annotations-2.11.0.jar:/Users/muneeb.akhtar/eclipse-workspace/OrderAppTask/lib/failsafe-3.3.0.jar:/Users/muneeb.akhtar/eclipse-workspace/OrderAppTask/lib/failureaccess-1.0.1.jar:/Users/muneeb.akhtar/eclipse-workspace/OrderAppTask/lib/guava-31.1-jre.jar:/Users/muneeb.akhtar/eclipse-workspace/OrderAppTask/lib/j2objc-annotations-1.3.jar:/Users/muneeb.akhtar/eclipse-workspace/OrderAppTask/lib/jakarta.activation-1.2.2.jar:/Users/muneeb.akhtar/eclipse-workspace/OrderAppTask/lib/jcommander-1.82.jar:/Users/muneeb.akhtar/eclipse-workspace/OrderAppTask/lib/jsr305-3.0.2.jar:/Users/muneeb.akhtar/e
Launcher Type: SUN_STANDARD

[Global flags]
     intx CICompilerCount                          = 4                                         {product} {ergonomic}
     uint ConcGCThreads                            = 3                                         {product} {ergonomic}
     uint G1ConcRefinementThreads                  = 10                                        {product} {ergonomic}
   size_t G1HeapRegionSize                         = 4194304                                   {product} {ergonomic}
    uintx GCDrainStackTargetSize                   = 64                                        {product} {ergonomic}
   size_t InitialHeapSize                          = 536870912                                 {product} {ergonomic}
   size_t MarkStackSize                            = 4194304                                   {product} {ergonomic}
   size_t MaxHeapSize                              = 8589934592                                {product} {ergonomic}
   size_t MaxNewSize                               = 5150605312                                {product} {ergonomic}
   size_t MinHeapDeltaBytes                        = 4194304                                   {product} {ergonomic}
   size_t MinHeapSize                              = 8388608                                   {product} {ergonomic}
    uintx NonNMethodCodeHeapSize                   = 5839372                                {pd product} {ergonomic}
    uintx NonProfiledCodeHeapSize                  = 122909434                              {pd product} {ergonomic}
    uintx ProfiledCodeHeapSize                     = 122909434                              {pd product} {ergonomic}
    uintx ReservedCodeCacheSize                    = 251658240                              {pd product} {ergonomic}
     bool SegmentedCodeCache                       = true                                      {product} {ergonomic}
     bool ShowCodeDetailsInExceptionMessages       = true                                   {manageable} {command line}
   size_t SoftMaxHeapSize                          = 8589934592                             {manageable} {ergonomic}
     bool UseCompressedClassPointers               = true                           {product lp64_product} {ergonomic}
     bool UseCompressedOops                        = true                           {product lp64_product} {ergonomic}
     bool UseG1GC                                  = true                                      {product} {ergonomic}
     bool UseNUMA                                  = false                                     {product} {ergonomic}
     bool UseNUMAInterleaving                      = false                                     {product} {ergonomic}

Logging:
Log output configuration:
 #0: stdout all=warning uptime,level,tags
 #1: stderr all=off uptime,level,tags

Environment Variables:
PATH=/usr/bin:/bin:/usr/sbin:/sbin
SHELL=/bin/bash
TMPDIR=/var/folders/6d/27kh_gqs16j4z_kht11tvvgrsm8y_1/T/

Active Locale:
LC_ALL=C
LC_COLLATE=C
LC_CTYPE=C
LC_MESSAGES=C
LC_MONETARY=C
LC_NUMERIC=C
LC_TIME=C

Signal Handlers:
   SIGSEGV: crash_handler in libjvm.dylib, mask=11100110000111110111111111111111, flags=SA_RESTART|SA_SIGINFO, unblocked
    SIGBUS: crash_handler in libjvm.dylib, mask=11100110000111110111111111111111, flags=SA_RESTART|SA_SIGINFO, unblocked
    SIGFPE: crash_handler in libjvm.dylib, mask=11100110000111110111111111111111, flags=SA_RESTART|SA_SIGINFO, unblocked
   SIGPIPE: javaSignalHandler in libjvm.dylib, mask=11100110000111110111111111111111, flags=SA_RESTART|SA_SIGINFO, blocked
   SIGXFSZ: javaSignalHandler in libjvm.dylib, mask=11100110000111110111111111111111, flags=SA_RESTART|SA_SIGINFO, blocked
    SIGILL: crash_handler in libjvm.dylib, mask=11100110000111110111111111111111, flags=SA_RESTART|SA_SIGINFO, unblocked
   SIGUSR2: SR_handler in libjvm.dylib, mask=00100000000000000000000000000000, flags=SA_RESTART|SA_SIGINFO, blocked
    SIGHUP: UserHandler in libjvm.dylib, mask=11100110000111110111111111111111, flags=SA_RESTART|SA_SIGINFO, blocked
    SIGINT: UserHandler in libjvm.dylib, mask=11100110000111110111111111111111, flags=SA_RESTART|SA_SIGINFO, blocked
   SIGTERM: UserHandler in libjvm.dylib, mask=11100110000111110111111111111111, flags=SA_RESTART|SA_SIGINFO, blocked
   SIGQUIT: UserHandler in libjvm.dylib, mask=11100110000111110111111111111111, flags=SA_RESTART|SA_SIGINFO, blocked
   SIGTRAP: crash_handler in libjvm.dylib, mask=11100110000111110111111111111111, flags=SA_RESTART|SA_SIGINFO, unblocked


Periodic native trim disabled


---------------  S Y S T E M  ---------------

OS:
uname: Darwin 23.3.0 Darwin Kernel Version 23.3.0: Wed Dec 20 21:28:58 PST 2023; root:xnu-10002.81.5~7/RELEASE_X86_64 x86_64
OS uptime: 0 days 0:43 hours
rlimit (soft/hard): STACK 8192k/65532k , CORE 0k/infinity , NPROC 5568/8352 , NOFILE 10240/infinity , AS infinity/infinity , CPU infinity/infinity , DATA infinity/infinity , FSIZE infinity/infinity , MEMLOCK infinity/infinity , RSS infinity/infinity
load average: 3.83 2.84 2.53

CPU: total 12 (initial active 12) (6 cores per cpu, 2 threads per core) family 6 model 158 stepping 10 microcode 0xf6, cx8, cmov, fxsr, ht, mmx, 3dnowpref, sse, sse2, sse3, ssse3, sse4.1, sse4.2, popcnt, lzcnt, tsc, tscinvbit, avx, avx2, aes, erms, clmul, bmi1, bmi2, adx, fma, vzeroupper, clflush, clflushopt
machdep.cpu.brand_string:Intel(R) Core(TM) i7-9750H CPU @ 2.60GHz
hw.cpufrequency:2600000000
hw.cpufrequency_min:2600000000
hw.cpufrequency_max:2600000000
hw.cachelinesize:64
hw.l1icachesize:32768
hw.l1dcachesize:32768
hw.l2cachesize:262144
hw.l3cachesize:12582912

Memory: 4k page, physical 33554432k(1362900k free), swap 0k(0k free)

vm_info: OpenJDK 64-Bit Server VM (17.0.9+9) for bsd-amd64 JRE (17.0.9+9), built on Oct 18 2023 08:05:15 by "admin" with clang Apple LLVM 12.0.0 (clang-1200.0.32.29)

END.
