#
# A fatal error has been detected by the Java Runtime Environment:
#
#  SIGSEGV (0xb) at pc=0x00000001102543b3, pid=12952, tid=8963
#
# JRE version:  (17.0.9+9) (build )
# Java VM: OpenJDK 64-Bit Server VM (17.0.9+9, mixed mode, tiered, compressed oops, compressed class ptrs, g1 gc, bsd-amd64)
# Problematic frame:
# V  [libjvm.dylib+0x9453b3]  AdapterHandlerLibrary::get_adapter(methodHandle const&)+0xc3
#
# No core dump will be written. Core dumps have been disabled. To enable core dumping, try "ulimit -c unlimited" before starting Java again
#
#

---------------  S U M M A R Y ------------

Command Line: -ea -javaagent:/Applications/Eclipse.app/Contents/Eclipse/configuration/org.eclipse.osgi/477/0/.cp/jacocoagent.jar=includes=*,excludes=,exclclassloader=sun.reflect.DelegatingClassLoader,output=tcpclient,port=53948 -Dfile.encoding=UTF-8 -Dstdout.encoding=UTF-8 -Dstderr.encoding=UTF-8 -XX:+ShowCodeDetailsInExceptionMessages org.testng.remote.RemoteTestNG -serport 53949 -protocol json -d /Users/muneeb.akhtar/eclipse-workspace/OrderAppTask/test-output /var/folders/6d/27kh_gqs16j4z_kht11tvvgrsm8y_1/T/testng-eclipse-1553105441/testng-customsuite.xml

Host: "MacBookPro16,1" x86_64 2600 MHz, 12 cores, 32G, Darwin 23.3.0, macOS 14.3.1 (23D60)
Time: Fri May 10 23:30:59 2024 BST elapsed time: 0.074365 seconds (0d 0h 0m 0s)

---------------  T H R E A D  ---------------

Current thread (0x00007fb4f1008800):  JavaThread "Unknown thread" [_thread_in_vm, id=8963, stack(0x000070000ce64000,0x000070000cf64000)]

Stack: [0x000070000ce64000,0x000070000cf64000],  sp=0x000070000cf637f0,  free space=1021k
Native frames: (J=compiled Java code, j=interpreted, Vv=VM code, C=native code)
V  [libjvm.dylib+0x9453b3]  AdapterHandlerLibrary::get_adapter(methodHandle const&)+0xc3
V  [libjvm.dylib+0x84bdc2]  Method::link_method(methodHandle const&, JavaThread*)+0xa2
V  [libjvm.dylib+0x4f5ea4]  InstanceKlass::link_class_impl(JavaThread*)+0x3c4
V  [libjvm.dylib+0x4f61a9]  InstanceKlass::initialize_impl(JavaThread*)+0x49
V  [libjvm.dylib+0xa9024c]  Threads::initialize_java_lang_classes(JavaThread*, JavaThread*)+0x11c
V  [libjvm.dylib+0xa913dd]  Threads::create_vm(JavaVMInitArgs*, bool*)+0x56d
V  [libjvm.dylib+0x58f075]  JNI_CreateJavaVM+0x65
C  [libjli.dylib+0x8732]  JavaMain+0x122
C  [libjli.dylib+0xb6d9]  ThreadJavaMain+0x9
C  [libsystem_pthread.dylib+0x6202]  _pthread_start+0x63
C  [libsystem_pthread.dylib+0x1bab]  thread_start+0xf


siginfo: si_signo: 11 (SIGSEGV), si_code: 0 (unknown), si_addr: 0x0000000000000000

Registers:
RAX=0x0000000138017530, RBX=0x0000000138017530, RCX=0x0000000138017488, RDX=0x00017fb4f953e228
RSP=0x000070000cf637f0, RBP=0x000070000cf639c0, RSI=0x0000000000000152, RDI=0x000070000cf63aa8
R8 =0x0000000000000000, R9 =0x0000000000000000, R10=0x00000000ffffffff, R11=0x00000000ffffffff
R12=0x000070000cf63aa8, R13=0x00007fb4f1008800, R14=0x0000000000000002, R15=0x0000000000000002
RIP=0x00000001102543b3, EFLAGS=0x0000000000010246, ERR=0x0000000000000000
  TRAPNO=0x000000000000000d


Register to memory mapping:

RAX={method} {0x0000000138017530} 'getInterfaces' '
[error occurred during error reporting (printing register info), id 0xb, SIGSEGV (0xb) at pc=0x000000011034ea02]

Top of Stack: (sp=0x000070000cf637f0)
0x000070000cf637f0:   000070000cf63820 00007fb4f953e5f8
0x000070000cf63800:   0000700000000004 0000000000001ba9
0x000070000cf63810:   0000000d0000000d 000000040000000d
0x000070000cf63820:   000070000cf63870 000000010fa6d4f5
0x000070000cf63830:   000070000cf63880 00000001100130c8
0x000070000cf63840:   0000000000000000 0000000138015680
0x000070000cf63850:   000070000cf63810 0000000000000002
0x000070000cf63860:   00007fb4f0f0f790 00000000000003d8
0x000070000cf63870:   00007fb4f0f0f7a0 00007fb4f0f0fb78
0x000070000cf63880:   00007fb4f0f0f790 0000000000000000
0x000070000cf63890:   204932432f433249 7372657470616461
0x000070000cf638a0:   2961626262783028 0000000800042800
0x000070000cf638b0:   00000001380104c0 00007fb4f1008800
0x000070000cf638c0:   0000000138015680 000008000000064c
0x000070000cf638d0:   00007fb4f100d410 0000000000000000
0x000070000cf638e0:   000003250000013c 00007fb4f2828340
0x000070000cf638f0:   0000000000000000 000008000000064c
0x000070000cf63900:   00007fb4f100f410 0000000000000000
0x000070000cf63910:   0000032500000037 00007fb4f282a910
0x000070000cf63920:   0000000000000000 0000032500000037
0x000070000cf63930:   00007fb4f282b5b0 0000000000000000
0x000070000cf63940:   0000064b00000000 00007fb4f282c250
0x000070000cf63950:   0000000000000000 00007fb400000030
0x000070000cf63960:   0000019200000007 00007fb4f282db80
0x000070000cf63970:   0000000000000000 00007fb4f1011410
0x000070000cf63980:   00007fb4f10120c0 ffffffff0000013b
0x000070000cf63990:   f9ade430e61b00ae 0000000138017530
0x000070000cf639a0:   000070000cf63aa8 00007fb4f1008800
0x000070000cf639b0:   00007fb4f1008800 000070000cf63aa8
0x000070000cf639c0:   000070000cf639f0 000000011015adc2
0x000070000cf639d0:   0000000000000026 000070000cf63aa8
0x000070000cf639e0:   00007fb4f0f0f6e0 000000061fc00e01 

Instructions: (pc=0x00000001102543b3)
0x00000001102542b3:   a3 ca 73 1c 48 8b 05 0a dd 41 00 5d c3 ba 00 04
0x00000001102542c3:   00 02 0f a3 ca 73 c2 48 8b 05 0f dd 41 00 5d c3
0x00000001102542d3:   ba 00 04 00 02 0f a3 ca 73 af 48 8b 05 ec dc 41
0x00000001102542e3:   00 5d c3 66 2e 0f 1f 84 00 00 00 00 00 55 48 89
0x00000001102542f3:   e5 41 57 41 56 41 55 41 54 53 48 81 ec a8 01 00
0x0000000110254303:   00 48 8b 05 a5 6e 30 00 48 8b 00 48 89 45 d0 48
0x0000000110254313:   8b 07 44 8b 70 28 41 f7 c6 00 04 00 00 75 67 48
0x0000000110254323:   8b 48 08 44 0f b7 79 2c 66 45 85 ff 74 61 66 41
0x0000000110254333:   83 ff 02 74 63 66 41 83 ff 01 0f 85 c1 00 00 00
0x0000000110254343:   48 8d 15 86 dc 41 00 41 f6 c6 08 0f 84 9b 00 00
0x0000000110254353:   00 48 8b 71 08 0f b7 79 24 48 8b 74 fe 48 0f be
0x0000000110254363:   76 07 66 41 bf 01 00 83 c6 be 83 fe 19 0f 87 8e
0x0000000110254373:   00 00 00 bf 83 00 02 01 0f a3 f7 73 52 48 8d 15
0x0000000110254383:   41 dc 41 00 eb 66 48 8d 15 28 dc 41 00 eb 5d 48
0x0000000110254393:   8d 15 27 dc 41 00 eb 54 66 41 bf 02 00 41 f6 c6
0x00000001102543a3:   08 75 5e 48 8b 51 08 0f b7 71 24 48 8b 54 f2 48
0x00000001102543b3:   0f be 52 07 83 c2 be 83 fa 19 77 45 be 83 00 02
0x00000001102543c3:   01 0f a3 d6 73 15 48 8d 15 08 dc 41 00 eb 1d bf
0x00000001102543d3:   00 04 00 02 0f a3 f7 72 13 eb 26 be 00 04 00 02
0x00000001102543e3:   0f a3 d6 73 1c 48 8d 15 f1 db 41 00 48 8b 1a 48
0x00000001102543f3:   85 db 0f 85 ca 02 00 00 48 8b 48 08 44 0f b7 79
0x0000000110254403:   2c 48 8d 3d d5 95 3f 00 ff 17 48 8b 00 4c 8b a8
0x0000000110254413:   38 02 00 00 49 8b 5d 10 41 0f 10 45 18 49 8b 45
0x0000000110254423:   28 48 89 85 a8 fe ff ff 48 c7 85 c8 fe ff ff 00
0x0000000110254433:   00 00 00 48 8b 41 08 0f b7 51 24 48 8b 44 d0 48
0x0000000110254443:   48 8b 39 48 8b 11 48 c1 ef 20 31 f6 81 ff 00 00
0x0000000110254453:   00 80 74 07 85 d2 74 03 48 8b 31 48 89 9d a0 fe
0x0000000110254463:   ff ff 48 89 85 38 fe ff ff c7 85 40 fe ff ff 63
0x0000000110254473:   00 00 00 48 c7 85 48 fe ff ff 00 00 00 00 48 85
0x0000000110254483:   f6 0f 29 85 b0 fe ff ff 74 0c 48 8d bd 38 fe ff
0x0000000110254493:   ff e8 17 85 08 00 45 0f b7 e7 c7 85 98 fe ff ff
0x00000001102544a3:   00 00 00 00 66 41 83 fc 10 77 16 48 8d 85 50 fe 


Stack slot to memory mapping:
stack at sp + 0 slots: 0x000070000cf63820 is pointing into the stack for thread: 0x00007fb4f1008800
stack at sp + 1 slots: 0x00007fb4f953e5f8 points into unknown readable memory: 0x5b2800298c74ffff | ff ff 74 8c 29 00 28 5b
stack at sp + 2 slots: 0x0000700000000004 is an unknown value
stack at sp + 3 slots: 0x0000000000001ba9 is an unknown value
stack at sp + 4 slots: 0x0000000d0000000d is an unknown value
stack at sp + 5 slots: 0x000000040000000d is an unknown value
stack at sp + 6 slots: 0x000070000cf63870 is pointing into the stack for thread: 0x00007fb4f1008800
stack at sp + 7 slots: 0x000000010fa6d4f5: _ZN5ChunkdlEPv+0xa5 in /Applications/Eclipse.app/Contents/Eclipse/plugins/org.eclipse.justj.openjdk.hotspot.jre.full.macosx.x86_64_17.0.9.v20231028-0858/jre/lib/server/libjvm.dylib at 0x000000010f90f000


---------------  P R O C E S S  ---------------

Threads class SMR info:
_java_thread_list=0x00007fb4f0f22da0, length=1, elements={
0x00007fb4f1008800
}

Java Threads: ( => current thread )
=>0x00007fb4f1008800 JavaThread "Unknown thread" [_thread_in_vm, id=8963, stack(0x000070000ce64000,0x000070000cf64000)]

Other Threads:
  0x00007fb4f0f22dd0 VMThread "VM Thread" [stack: 0x000070000d476000,0x000070000d576000] [id=19459]
  0x00007fb4f1c0de40 GCTaskThread "GC Thread#0" [stack: 0x000070000cf67000,0x000070000d067000] [id=13059]
  0x00007fb4f1809ca0 ConcurrentGCThread "G1 Main Marker" [stack: 0x000070000d06a000,0x000070000d16a000] [id=13571]
  0x00007fb4f180a9d0 ConcurrentGCThread "G1 Conc#0" [stack: 0x000070000d16d000,0x000070000d26d000] [id=14339]
  0x00007fb4f1825ae0 ConcurrentGCThread "G1 Refine#0" [stack: 0x000070000d270000,0x000070000d370000] [id=16643]
  0x00007fb4f1826800 ConcurrentGCThread "G1 Service" [stack: 0x000070000d373000,0x000070000d473000] [id=17155]

Threads with active compile tasks:

VM state: not at safepoint (normal execution)

VM Mutex/Monitor currently owned by a thread: None

Heap address: 0x0000000600000000, size: 8192 MB, Compressed Oops mode: Zero based, Oop shift amount: 3

CDS archive(s) not mapped
Compressed class space mapped at: 0x0000000800000000-0x0000000840000000, reserved size: 1073741824
Narrow klass base: 0x0000000800000000, Narrow klass shift: 0, Narrow klass range: 0x40000000

GC Precious Log:
 CPUs: 12 total, 12 available
 Memory: 32768M
 Large Page Support: Disabled
 NUMA Support: Disabled
 Compressed Oops: Enabled (Zero based)
 Heap Region Size: 4M
 Heap Min Capacity: 8M
 Heap Initial Capacity: 512M
 Heap Max Capacity: 8G
 Pre-touch: Disabled
 Parallel Workers: 10
 Concurrent Workers: 3
 Concurrent Refinement Workers: 10
 Periodic GC: Disabled

Heap:
 garbage-first heap   total 524288K, used 0K [0x0000000600000000, 0x0000000800000000)
  region size 4096K, 1 young (4096K), 0 survivors (0K)
 Metaspace       used 1387K, committed 1472K, reserved 1114112K
  class space    used 105K, committed 128K, reserved 1048576K

Heap Regions: E=young(eden), S=young(survivor), O=old, HS=humongous(starts), HC=humongous(continues), CS=collection set, F=free, OA=open archive, CA=closed archive, TAMS=top-at-mark-start (previous, next)
|   0|0x0000000600000000, 0x0000000600000000, 0x0000000600400000|  0%| F|  |TAMS 0x0000000600000000, 0x0000000600000000| Untracked 
|   1|0x0000000600400000, 0x0000000600400000, 0x0000000600800000|  0%| F|  |TAMS 0x0000000600400000, 0x0000000600400000| Untracked 
|   2|0x0000000600800000, 0x0000000600800000, 0x0000000600c00000|  0%| F|  |TAMS 0x0000000600800000, 0x0000000600800000| Untracked 
|   3|0x0000000600c00000, 0x0000000600c00000, 0x0000000601000000|  0%| F|  |TAMS 0x0000000600c00000, 0x0000000600c00000| Untracked 
|   4|0x0000000601000000, 0x0000000601000000, 0x0000000601400000|  0%| F|  |TAMS 0x0000000601000000, 0x0000000601000000| Untracked 
|   5|0x0000000601400000, 0x0000000601400000, 0x0000000601800000|  0%| F|  |TAMS 0x0000000601400000, 0x0000000601400000| Untracked 
|   6|0x0000000601800000, 0x0000000601800000, 0x0000000601c00000|  0%| F|  |TAMS 0x0000000601800000, 0x0000000601800000| Untracked 
|   7|0x0000000601c00000, 0x0000000601c00000, 0x0000000602000000|  0%| F|  |TAMS 0x0000000601c00000, 0x0000000601c00000| Untracked 
|   8|0x0000000602000000, 0x0000000602000000, 0x0000000602400000|  0%| F|  |TAMS 0x0000000602000000, 0x0000000602000000| Untracked 
|   9|0x0000000602400000, 0x0000000602400000, 0x0000000602800000|  0%| F|  |TAMS 0x0000000602400000, 0x0000000602400000| Untracked 
|  10|0x0000000602800000, 0x0000000602800000, 0x0000000602c00000|  0%| F|  |TAMS 0x0000000602800000, 0x0000000602800000| Untracked 
|  11|0x0000000602c00000, 0x0000000602c00000, 0x0000000603000000|  0%| F|  |TAMS 0x0000000602c00000, 0x0000000602c00000| Untracked 
|  12|0x0000000603000000, 0x0000000603000000, 0x0000000603400000|  0%| F|  |TAMS 0x0000000603000000, 0x0000000603000000| Untracked 
|  13|0x0000000603400000, 0x0000000603400000, 0x0000000603800000|  0%| F|  |TAMS 0x0000000603400000, 0x0000000603400000| Untracked 
|  14|0x0000000603800000, 0x0000000603800000, 0x0000000603c00000|  0%| F|  |TAMS 0x0000000603800000, 0x0000000603800000| Untracked 
|  15|0x0000000603c00000, 0x0000000603c00000, 0x0000000604000000|  0%| F|  |TAMS 0x0000000603c00000, 0x0000000603c00000| Untracked 
|  16|0x0000000604000000, 0x0000000604000000, 0x0000000604400000|  0%| F|  |TAMS 0x0000000604000000, 0x0000000604000000| Untracked 
|  17|0x0000000604400000, 0x0000000604400000, 0x0000000604800000|  0%| F|  |TAMS 0x0000000604400000, 0x0000000604400000| Untracked 
|  18|0x0000000604800000, 0x0000000604800000, 0x0000000604c00000|  0%| F|  |TAMS 0x0000000604800000, 0x0000000604800000| Untracked 
|  19|0x0000000604c00000, 0x0000000604c00000, 0x0000000605000000|  0%| F|  |TAMS 0x0000000604c00000, 0x0000000604c00000| Untracked 
|  20|0x0000000605000000, 0x0000000605000000, 0x0000000605400000|  0%| F|  |TAMS 0x0000000605000000, 0x0000000605000000| Untracked 
|  21|0x0000000605400000, 0x0000000605400000, 0x0000000605800000|  0%| F|  |TAMS 0x0000000605400000, 0x0000000605400000| Untracked 
|  22|0x0000000605800000, 0x0000000605800000, 0x0000000605c00000|  0%| F|  |TAMS 0x0000000605800000, 0x0000000605800000| Untracked 
|  23|0x0000000605c00000, 0x0000000605c00000, 0x0000000606000000|  0%| F|  |TAMS 0x0000000605c00000, 0x0000000605c00000| Untracked 
|  24|0x0000000606000000, 0x0000000606000000, 0x0000000606400000|  0%| F|  |TAMS 0x0000000606000000, 0x0000000606000000| Untracked 
|  25|0x0000000606400000, 0x0000000606400000, 0x0000000606800000|  0%| F|  |TAMS 0x0000000606400000, 0x0000000606400000| Untracked 
|  26|0x0000000606800000, 0x0000000606800000, 0x0000000606c00000|  0%| F|  |TAMS 0x0000000606800000, 0x0000000606800000| Untracked 
|  27|0x0000000606c00000, 0x0000000606c00000, 0x0000000607000000|  0%| F|  |TAMS 0x0000000606c00000, 0x0000000606c00000| Untracked 
|  28|0x0000000607000000, 0x0000000607000000, 0x0000000607400000|  0%| F|  |TAMS 0x0000000607000000, 0x0000000607000000| Untracked 
|  29|0x0000000607400000, 0x0000000607400000, 0x0000000607800000|  0%| F|  |TAMS 0x0000000607400000, 0x0000000607400000| Untracked 
|  30|0x0000000607800000, 0x0000000607800000, 0x0000000607c00000|  0%| F|  |TAMS 0x0000000607800000, 0x0000000607800000| Untracked 
|  31|0x0000000607c00000, 0x0000000607c00000, 0x0000000608000000|  0%| F|  |TAMS 0x0000000607c00000, 0x0000000607c00000| Untracked 
|  32|0x0000000608000000, 0x0000000608000000, 0x0000000608400000|  0%| F|  |TAMS 0x0000000608000000, 0x0000000608000000| Untracked 
|  33|0x0000000608400000, 0x0000000608400000, 0x0000000608800000|  0%| F|  |TAMS 0x0000000608400000, 0x0000000608400000| Untracked 
|  34|0x0000000608800000, 0x0000000608800000, 0x0000000608c00000|  0%| F|  |TAMS 0x0000000608800000, 0x0000000608800000| Untracked 
|  35|0x0000000608c00000, 0x0000000608c00000, 0x0000000609000000|  0%| F|  |TAMS 0x0000000608c00000, 0x0000000608c00000| Untracked 
|  36|0x0000000609000000, 0x0000000609000000, 0x0000000609400000|  0%| F|  |TAMS 0x0000000609000000, 0x0000000609000000| Untracked 
|  37|0x0000000609400000, 0x0000000609400000, 0x0000000609800000|  0%| F|  |TAMS 0x0000000609400000, 0x0000000609400000| Untracked 
|  38|0x0000000609800000, 0x0000000609800000, 0x0000000609c00000|  0%| F|  |TAMS 0x0000000609800000, 0x0000000609800000| Untracked 
|  39|0x0000000609c00000, 0x0000000609c00000, 0x000000060a000000|  0%| F|  |TAMS 0x0000000609c00000, 0x0000000609c00000| Untracked 
|  40|0x000000060a000000, 0x000000060a000000, 0x000000060a400000|  0%| F|  |TAMS 0x000000060a000000, 0x000000060a000000| Untracked 
|  41|0x000000060a400000, 0x000000060a400000, 0x000000060a800000|  0%| F|  |TAMS 0x000000060a400000, 0x000000060a400000| Untracked 
|  42|0x000000060a800000, 0x000000060a800000, 0x000000060ac00000|  0%| F|  |TAMS 0x000000060a800000, 0x000000060a800000| Untracked 
|  43|0x000000060ac00000, 0x000000060ac00000, 0x000000060b000000|  0%| F|  |TAMS 0x000000060ac00000, 0x000000060ac00000| Untracked 
|  44|0x000000060b000000, 0x000000060b000000, 0x000000060b400000|  0%| F|  |TAMS 0x000000060b000000, 0x000000060b000000| Untracked 
|  45|0x000000060b400000, 0x000000060b400000, 0x000000060b800000|  0%| F|  |TAMS 0x000000060b400000, 0x000000060b400000| Untracked 
|  46|0x000000060b800000, 0x000000060b800000, 0x000000060bc00000|  0%| F|  |TAMS 0x000000060b800000, 0x000000060b800000| Untracked 
|  47|0x000000060bc00000, 0x000000060bc00000, 0x000000060c000000|  0%| F|  |TAMS 0x000000060bc00000, 0x000000060bc00000| Untracked 
|  48|0x000000060c000000, 0x000000060c000000, 0x000000060c400000|  0%| F|  |TAMS 0x000000060c000000, 0x000000060c000000| Untracked 
|  49|0x000000060c400000, 0x000000060c400000, 0x000000060c800000|  0%| F|  |TAMS 0x000000060c400000, 0x000000060c400000| Untracked 
|  50|0x000000060c800000, 0x000000060c800000, 0x000000060cc00000|  0%| F|  |TAMS 0x000000060c800000, 0x000000060c800000| Untracked 
|  51|0x000000060cc00000, 0x000000060cc00000, 0x000000060d000000|  0%| F|  |TAMS 0x000000060cc00000, 0x000000060cc00000| Untracked 
|  52|0x000000060d000000, 0x000000060d000000, 0x000000060d400000|  0%| F|  |TAMS 0x000000060d000000, 0x000000060d000000| Untracked 
|  53|0x000000060d400000, 0x000000060d400000, 0x000000060d800000|  0%| F|  |TAMS 0x000000060d400000, 0x000000060d400000| Untracked 
|  54|0x000000060d800000, 0x000000060d800000, 0x000000060dc00000|  0%| F|  |TAMS 0x000000060d800000, 0x000000060d800000| Untracked 
|  55|0x000000060dc00000, 0x000000060dc00000, 0x000000060e000000|  0%| F|  |TAMS 0x000000060dc00000, 0x000000060dc00000| Untracked 
|  56|0x000000060e000000, 0x000000060e000000, 0x000000060e400000|  0%| F|  |TAMS 0x000000060e000000, 0x000000060e000000| Untracked 
|  57|0x000000060e400000, 0x000000060e400000, 0x000000060e800000|  0%| F|  |TAMS 0x000000060e400000, 0x000000060e400000| Untracked 
|  58|0x000000060e800000, 0x000000060e800000, 0x000000060ec00000|  0%| F|  |TAMS 0x000000060e800000, 0x000000060e800000| Untracked 
|  59|0x000000060ec00000, 0x000000060ec00000, 0x000000060f000000|  0%| F|  |TAMS 0x000000060ec00000, 0x000000060ec00000| Untracked 
|  60|0x000000060f000000, 0x000000060f000000, 0x000000060f400000|  0%| F|  |TAMS 0x000000060f000000, 0x000000060f000000| Untracked 
|  61|0x000000060f400000, 0x000000060f400000, 0x000000060f800000|  0%| F|  |TAMS 0x000000060f400000, 0x000000060f400000| Untracked 
|  62|0x000000060f800000, 0x000000060f800000, 0x000000060fc00000|  0%| F|  |TAMS 0x000000060f800000, 0x000000060f800000| Untracked 
|  63|0x000000060fc00000, 0x000000060fc00000, 0x0000000610000000|  0%| F|  |TAMS 0x000000060fc00000, 0x000000060fc00000| Untracked 
|  64|0x0000000610000000, 0x0000000610000000, 0x0000000610400000|  0%| F|  |TAMS 0x0000000610000000, 0x0000000610000000| Untracked 
|  65|0x0000000610400000, 0x0000000610400000, 0x0000000610800000|  0%| F|  |TAMS 0x0000000610400000, 0x0000000610400000| Untracked 
|  66|0x0000000610800000, 0x0000000610800000, 0x0000000610c00000|  0%| F|  |TAMS 0x0000000610800000, 0x0000000610800000| Untracked 
|  67|0x0000000610c00000, 0x0000000610c00000, 0x0000000611000000|  0%| F|  |TAMS 0x0000000610c00000, 0x0000000610c00000| Untracked 
|  68|0x0000000611000000, 0x0000000611000000, 0x0000000611400000|  0%| F|  |TAMS 0x0000000611000000, 0x0000000611000000| Untracked 
|  69|0x0000000611400000, 0x0000000611400000, 0x0000000611800000|  0%| F|  |TAMS 0x0000000611400000, 0x0000000611400000| Untracked 
|  70|0x0000000611800000, 0x0000000611800000, 0x0000000611c00000|  0%| F|  |TAMS 0x0000000611800000, 0x0000000611800000| Untracked 
|  71|0x0000000611c00000, 0x0000000611c00000, 0x0000000612000000|  0%| F|  |TAMS 0x0000000611c00000, 0x0000000611c00000| Untracked 
|  72|0x0000000612000000, 0x0000000612000000, 0x0000000612400000|  0%| F|  |TAMS 0x0000000612000000, 0x0000000612000000| Untracked 
|  73|0x0000000612400000, 0x0000000612400000, 0x0000000612800000|  0%| F|  |TAMS 0x0000000612400000, 0x0000000612400000| Untracked 
|  74|0x0000000612800000, 0x0000000612800000, 0x0000000612c00000|  0%| F|  |TAMS 0x0000000612800000, 0x0000000612800000| Untracked 
|  75|0x0000000612c00000, 0x0000000612c00000, 0x0000000613000000|  0%| F|  |TAMS 0x0000000612c00000, 0x0000000612c00000| Untracked 
|  76|0x0000000613000000, 0x0000000613000000, 0x0000000613400000|  0%| F|  |TAMS 0x0000000613000000, 0x0000000613000000| Untracked 
|  77|0x0000000613400000, 0x0000000613400000, 0x0000000613800000|  0%| F|  |TAMS 0x0000000613400000, 0x0000000613400000| Untracked 
|  78|0x0000000613800000, 0x0000000613800000, 0x0000000613c00000|  0%| F|  |TAMS 0x0000000613800000, 0x0000000613800000| Untracked 
|  79|0x0000000613c00000, 0x0000000613c00000, 0x0000000614000000|  0%| F|  |TAMS 0x0000000613c00000, 0x0000000613c00000| Untracked 
|  80|0x0000000614000000, 0x0000000614000000, 0x0000000614400000|  0%| F|  |TAMS 0x0000000614000000, 0x0000000614000000| Untracked 
|  81|0x0000000614400000, 0x0000000614400000, 0x0000000614800000|  0%| F|  |TAMS 0x0000000614400000, 0x0000000614400000| Untracked 
|  82|0x0000000614800000, 0x0000000614800000, 0x0000000614c00000|  0%| F|  |TAMS 0x0000000614800000, 0x0000000614800000| Untracked 
|  83|0x0000000614c00000, 0x0000000614c00000, 0x0000000615000000|  0%| F|  |TAMS 0x0000000614c00000, 0x0000000614c00000| Untracked 
|  84|0x0000000615000000, 0x0000000615000000, 0x0000000615400000|  0%| F|  |TAMS 0x0000000615000000, 0x0000000615000000| Untracked 
|  85|0x0000000615400000, 0x0000000615400000, 0x0000000615800000|  0%| F|  |TAMS 0x0000000615400000, 0x0000000615400000| Untracked 
|  86|0x0000000615800000, 0x0000000615800000, 0x0000000615c00000|  0%| F|  |TAMS 0x0000000615800000, 0x0000000615800000| Untracked 
|  87|0x0000000615c00000, 0x0000000615c00000, 0x0000000616000000|  0%| F|  |TAMS 0x0000000615c00000, 0x0000000615c00000| Untracked 
|  88|0x0000000616000000, 0x0000000616000000, 0x0000000616400000|  0%| F|  |TAMS 0x0000000616000000, 0x0000000616000000| Untracked 
|  89|0x0000000616400000, 0x0000000616400000, 0x0000000616800000|  0%| F|  |TAMS 0x0000000616400000, 0x0000000616400000| Untracked 
|  90|0x0000000616800000, 0x0000000616800000, 0x0000000616c00000|  0%| F|  |TAMS 0x0000000616800000, 0x0000000616800000| Untracked 
|  91|0x0000000616c00000, 0x0000000616c00000, 0x0000000617000000|  0%| F|  |TAMS 0x0000000616c00000, 0x0000000616c00000| Untracked 
|  92|0x0000000617000000, 0x0000000617000000, 0x0000000617400000|  0%| F|  |TAMS 0x0000000617000000, 0x0000000617000000| Untracked 
|  93|0x0000000617400000, 0x0000000617400000, 0x0000000617800000|  0%| F|  |TAMS 0x0000000617400000, 0x0000000617400000| Untracked 
|  94|0x0000000617800000, 0x0000000617800000, 0x0000000617c00000|  0%| F|  |TAMS 0x0000000617800000, 0x0000000617800000| Untracked 
|  95|0x0000000617c00000, 0x0000000617c00000, 0x0000000618000000|  0%| F|  |TAMS 0x0000000617c00000, 0x0000000617c00000| Untracked 
|  96|0x0000000618000000, 0x0000000618000000, 0x0000000618400000|  0%| F|  |TAMS 0x0000000618000000, 0x0000000618000000| Untracked 
|  97|0x0000000618400000, 0x0000000618400000, 0x0000000618800000|  0%| F|  |TAMS 0x0000000618400000, 0x0000000618400000| Untracked 
|  98|0x0000000618800000, 0x0000000618800000, 0x0000000618c00000|  0%| F|  |TAMS 0x0000000618800000, 0x0000000618800000| Untracked 
|  99|0x0000000618c00000, 0x0000000618c00000, 0x0000000619000000|  0%| F|  |TAMS 0x0000000618c00000, 0x0000000618c00000| Untracked 
| 100|0x0000000619000000, 0x0000000619000000, 0x0000000619400000|  0%| F|  |TAMS 0x0000000619000000, 0x0000000619000000| Untracked 
| 101|0x0000000619400000, 0x0000000619400000, 0x0000000619800000|  0%| F|  |TAMS 0x0000000619400000, 0x0000000619400000| Untracked 
| 102|0x0000000619800000, 0x0000000619800000, 0x0000000619c00000|  0%| F|  |TAMS 0x0000000619800000, 0x0000000619800000| Untracked 
| 103|0x0000000619c00000, 0x0000000619c00000, 0x000000061a000000|  0%| F|  |TAMS 0x0000000619c00000, 0x0000000619c00000| Untracked 
| 104|0x000000061a000000, 0x000000061a000000, 0x000000061a400000|  0%| F|  |TAMS 0x000000061a000000, 0x000000061a000000| Untracked 
| 105|0x000000061a400000, 0x000000061a400000, 0x000000061a800000|  0%| F|  |TAMS 0x000000061a400000, 0x000000061a400000| Untracked 
| 106|0x000000061a800000, 0x000000061a800000, 0x000000061ac00000|  0%| F|  |TAMS 0x000000061a800000, 0x000000061a800000| Untracked 
| 107|0x000000061ac00000, 0x000000061ac00000, 0x000000061b000000|  0%| F|  |TAMS 0x000000061ac00000, 0x000000061ac00000| Untracked 
| 108|0x000000061b000000, 0x000000061b000000, 0x000000061b400000|  0%| F|  |TAMS 0x000000061b000000, 0x000000061b000000| Untracked 
| 109|0x000000061b400000, 0x000000061b400000, 0x000000061b800000|  0%| F|  |TAMS 0x000000061b400000, 0x000000061b400000| Untracked 
| 110|0x000000061b800000, 0x000000061b800000, 0x000000061bc00000|  0%| F|  |TAMS 0x000000061b800000, 0x000000061b800000| Untracked 
| 111|0x000000061bc00000, 0x000000061bc00000, 0x000000061c000000|  0%| F|  |TAMS 0x000000061bc00000, 0x000000061bc00000| Untracked 
| 112|0x000000061c000000, 0x000000061c000000, 0x000000061c400000|  0%| F|  |TAMS 0x000000061c000000, 0x000000061c000000| Untracked 
| 113|0x000000061c400000, 0x000000061c400000, 0x000000061c800000|  0%| F|  |TAMS 0x000000061c400000, 0x000000061c400000| Untracked 
| 114|0x000000061c800000, 0x000000061c800000, 0x000000061cc00000|  0%| F|  |TAMS 0x000000061c800000, 0x000000061c800000| Untracked 
| 115|0x000000061cc00000, 0x000000061cc00000, 0x000000061d000000|  0%| F|  |TAMS 0x000000061cc00000, 0x000000061cc00000| Untracked 
| 116|0x000000061d000000, 0x000000061d000000, 0x000000061d400000|  0%| F|  |TAMS 0x000000061d000000, 0x000000061d000000| Untracked 
| 117|0x000000061d400000, 0x000000061d400000, 0x000000061d800000|  0%| F|  |TAMS 0x000000061d400000, 0x000000061d400000| Untracked 
| 118|0x000000061d800000, 0x000000061d800000, 0x000000061dc00000|  0%| F|  |TAMS 0x000000061d800000, 0x000000061d800000| Untracked 
| 119|0x000000061dc00000, 0x000000061dc00000, 0x000000061e000000|  0%| F|  |TAMS 0x000000061dc00000, 0x000000061dc00000| Untracked 
| 120|0x000000061e000000, 0x000000061e000000, 0x000000061e400000|  0%| F|  |TAMS 0x000000061e000000, 0x000000061e000000| Untracked 
| 121|0x000000061e400000, 0x000000061e400000, 0x000000061e800000|  0%| F|  |TAMS 0x000000061e400000, 0x000000061e400000| Untracked 
| 122|0x000000061e800000, 0x000000061e800000, 0x000000061ec00000|  0%| F|  |TAMS 0x000000061e800000, 0x000000061e800000| Untracked 
| 123|0x000000061ec00000, 0x000000061ec00000, 0x000000061f000000|  0%| F|  |TAMS 0x000000061ec00000, 0x000000061ec00000| Untracked 
| 124|0x000000061f000000, 0x000000061f000000, 0x000000061f400000|  0%| F|  |TAMS 0x000000061f000000, 0x000000061f000000| Untracked 
| 125|0x000000061f400000, 0x000000061f400000, 0x000000061f800000|  0%| F|  |TAMS 0x000000061f400000, 0x000000061f400000| Untracked 
| 126|0x000000061f800000, 0x000000061f800000, 0x000000061fc00000|  0%| F|  |TAMS 0x000000061f800000, 0x000000061f800000| Untracked 
| 127|0x000000061fc00000, 0x000000061fc7ae80, 0x0000000620000000| 12%| E|  |TAMS 0x000000061fc00000, 0x000000061fc00000| Complete 

Card table byte_map: [0x00000001230a1000,0x00000001240a1000] _byte_map_base: 0x00000001200a1000

Marking Bits (Prev, Next): (CMBitMap*) 0x00007fb4f200fe10, (CMBitMap*) 0x00007fb4f200fe50
 Prev Bits: [0x00000001250a1000, 0x000000012d0a1000)
 Next Bits: [0x000000012d0a1000, 0x00000001350a1000)

Polling page: 0x00000001080f6000

Metaspace:

Usage:
  Non-class:      1.25 MB used.
      Class:    105.13 KB used.
       Both:      1.36 MB used.

Virtual space:
  Non-class space:       64.00 MB reserved,       1.31 MB (  2%) committed,  1 nodes.
      Class space:        1.00 GB reserved,     128.00 KB ( <1%) committed,  1 nodes.
             Both:        1.06 GB reserved,       1.44 MB ( <1%) committed. 

Chunk freelists:
   Non-Class:  12.00 MB
       Class:  15.75 MB
        Both:  27.75 MB

MaxMetaspaceSize: unlimited
CompressedClassSpaceSize: 1.00 GB
Initial GC threshold: 21.00 MB
Current GC threshold: 17179869184.00 GB
CDS: off
MetaspaceReclaimPolicy: balanced
 - commit_granule_bytes: 65536.
 - commit_granule_words: 8192.
 - virtual_space_node_default_size: 8388608.
 - enlarge_chunks_in_place: 1.
 - new_chunks_are_fully_committed: 0.
 - uncommit_free_chunks: 1.
 - use_allocation_guard: 0.
 - handle_deallocations: 1.


Internal statistics:

num_allocs_failed_limit: 0.
num_arena_births: 2.
num_arena_deaths: 0.
num_vsnodes_births: 2.
num_vsnodes_deaths: 0.
num_space_committed: 23.
num_space_uncommitted: 0.
num_chunks_returned_to_freelist: 0.
num_chunks_taken_from_freelist: 3.
num_chunk_merges: 0.
num_chunk_splits: 2.
num_chunks_enlarged: 0.
num_inconsistent_stats: 0.

CodeHeap 'non-profiled nmethods': size=120028Kb used=0Kb max_used=0Kb free=120028Kb
 bounds [0x000000011bb6a000, 0x000000011bdda000, 0x00000001230a1000]
CodeHeap 'profiled nmethods': size=120028Kb used=0Kb max_used=0Kb free=120028Kb
 bounds [0x00000001140a1000, 0x0000000114311000, 0x000000011b5d8000]
CodeHeap 'non-nmethods': size=5704Kb used=315Kb max_used=353Kb free=5388Kb
 bounds [0x000000011b5d8000, 0x000000011b848000, 0x000000011bb6a000]
 total_blobs=92 nmethods=0 adapters=66
 compilation: enabled
              stopped_count=0, restarted_count=0
 full_count=0

Compilation events (0 events):
No events

GC Heap History (0 events):
No events

Dll operation events (1 events):
Event: 0.029 Loaded shared library /Applications/Eclipse.app/Contents/Eclipse/plugins/org.eclipse.justj.openjdk.hotspot.jre.full.macosx.x86_64_17.0.9.v20231028-0858/jre/lib/libjava.dylib

Deoptimization events (0 events):
No events

Classes unloaded (0 events):
No events

Classes redefined (0 events):
No events

Internal exceptions (0 events):
No events

VM Operations (0 events):
No events

Events (20 events):
Event: 0.066 loading class jdk/internal/vm/vector/VectorSupport done
Event: 0.066 loading class jdk/internal/vm/vector/VectorSupport$VectorPayload
Event: 0.066 loading class jdk/internal/vm/vector/VectorSupport$VectorPayload done
Event: 0.066 loading class jdk/internal/vm/vector/VectorSupport$Vector
Event: 0.066 loading class jdk/internal/vm/vector/VectorSupport$Vector done
Event: 0.066 loading class jdk/internal/vm/vector/VectorSupport$VectorMask
Event: 0.066 loading class jdk/internal/vm/vector/VectorSupport$VectorMask done
Event: 0.066 loading class jdk/internal/vm/vector/VectorSupport$VectorShuffle
Event: 0.066 loading class jdk/internal/vm/vector/VectorSupport$VectorShuffle done
Event: 0.069 loading class java/lang/NullPointerException
Event: 0.069 loading class java/lang/NullPointerException done
Event: 0.069 loading class java/lang/ArithmeticException
Event: 0.069 loading class java/lang/ArithmeticException done
Event: 0.071 Thread 0x00007fb4f1008800 Thread added: 0x00007fb4f1008800
Event: 0.072 loading class java/io/ObjectStreamField
Event: 0.072 loading class java/io/ObjectStreamField done
Event: 0.072 loading class java/lang/String$CaseInsensitiveComparator
Event: 0.072 loading class java/util/Comparator
Event: 0.072 loading class java/util/Comparator done
Event: 0.072 loading class java/lang/String$CaseInsensitiveComparator done


Dynamic libraries:
0x00000001080bf000 	/Applications/Eclipse.app/Contents/Eclipse/plugins/org.eclipse.justj.openjdk.hotspot.jre.full.macosx.x86_64_17.0.9.v20231028-0858/jre/lib/libjli.dylib
0x00007ff81b375000 	/System/Library/Frameworks/Cocoa.framework/Versions/A/Cocoa
0x00007ff803f12000 	/System/Library/Frameworks/AppKit.framework/Versions/C/AppKit
0x00007ff807191000 	/System/Library/Frameworks/CoreData.framework/Versions/A/CoreData
0x00007ff80187f000 	/System/Library/Frameworks/Foundation.framework/Versions/C/Foundation
0x00007ff80d72a000 	/usr/lib/libSystem.B.dylib
0x00007ff805331000 	/System/Library/PrivateFrameworks/UIFoundation.framework/Versions/A/UIFoundation
0x00007ffb0dba1000 	/System/Library/PrivateFrameworks/CollectionViewCore.framework/Versions/A/CollectionViewCore
0x00007ff814c86000 	/System/Library/PrivateFrameworks/RemoteViewServices.framework/Versions/A/RemoteViewServices
0x00007ff80b4b2000 	/System/Library/PrivateFrameworks/XCTTargetBootstrap.framework/Versions/A/XCTTargetBootstrap
0x00007ff8100c5000 	/System/Library/PrivateFrameworks/InternationalSupport.framework/Versions/A/InternationalSupport
0x00007ff81014f000 	/System/Library/PrivateFrameworks/UserActivity.framework/Versions/A/UserActivity
0x00007ffc0ec1e000 	/System/Library/PrivateFrameworks/WindowManagement.framework/Versions/A/WindowManagement
0x00007ff801538000 	/System/Library/Frameworks/SystemConfiguration.framework/Versions/A/SystemConfiguration
0x00007ff80f47a000 	/usr/lib/libspindump.dylib
0x00007ff80550e000 	/System/Library/Frameworks/UniformTypeIdentifiers.framework/Versions/A/UniformTypeIdentifiers
0x00007ff8094f0000 	/usr/lib/libapp_launch_measurement.dylib
0x00007ff808668000 	/System/Library/PrivateFrameworks/CoreAnalytics.framework/Versions/A/CoreAnalytics
0x00007ff8094f3000 	/System/Library/PrivateFrameworks/CoreAutoLayout.framework/Versions/A/CoreAutoLayout
0x00007ff80ad22000 	/System/Library/Frameworks/Metal.framework/Versions/A/Metal
0x00007ff80bc7b000 	/usr/lib/liblangid.dylib
0x00007ff80b4b7000 	/System/Library/PrivateFrameworks/CoreSVG.framework/Versions/A/CoreSVG
0x00007ff805ec7000 	/System/Library/PrivateFrameworks/SkyLight.framework/Versions/A/SkyLight
0x00007ff806320000 	/System/Library/Frameworks/CoreGraphics.framework/Versions/A/CoreGraphics
0x00007ff8153db000 	/System/Library/Frameworks/Accelerate.framework/Versions/A/Accelerate
0x00007ff80f2da000 	/System/Library/PrivateFrameworks/IconServices.framework/Versions/A/IconServices
0x00007ff80ad03000 	/System/Library/Frameworks/IOSurface.framework/Versions/A/IOSurface
0x00007ff808694000 	/usr/lib/libDiagnosticMessagesClient.dylib
0x00007ff80d63f000 	/usr/lib/libz.1.dylib
0x00007ff818d78000 	/System/Library/Frameworks/ApplicationServices.framework/Versions/A/ApplicationServices
0x00007ff80b49e000 	/System/Library/PrivateFrameworks/DFRFoundation.framework/Versions/A/DFRFoundation
0x00007ff8037ce000 	/usr/lib/libicucore.A.dylib
0x00007ff81109c000 	/System/Library/Frameworks/AudioToolbox.framework/Versions/A/AudioToolbox
0x00007ff8100d2000 	/System/Library/PrivateFrameworks/DataDetectorsCore.framework/Versions/A/DataDetectorsCore
0x00007ff909c2d000 	/System/Library/PrivateFrameworks/TextInput.framework/Versions/A/TextInput
0x00007ff805e21000 	/usr/lib/libMobileGestalt.dylib
0x00007ff80b202000 	/System/Library/Frameworks/Carbon.framework/Versions/A/Frameworks/HIToolbox.framework/Versions/A/HIToolbox
0x00007ff808e2b000 	/System/Library/Frameworks/QuartzCore.framework/Versions/A/QuartzCore
0x00007ff803431000 	/System/Library/Frameworks/Security.framework/Versions/A/Security
0x00007ff814cbe000 	/System/Library/Frameworks/Carbon.framework/Versions/A/Frameworks/SpeechRecognition.framework/Versions/A/SpeechRecognition
0x00007ff80921f000 	/System/Library/PrivateFrameworks/CoreUI.framework/Versions/A/CoreUI
0x00007ff802d1e000 	/System/Library/Frameworks/CoreAudio.framework/Versions/A/CoreAudio
0x00007ff808774000 	/System/Library/Frameworks/DiskArbitration.framework/Versions/A/DiskArbitration
0x00007ff80f8b2000 	/System/Library/PrivateFrameworks/MultitouchSupport.framework/Versions/A/MultitouchSupport
0x00007ff805e20000 	/usr/lib/libenergytrace.dylib
0x00007ff81f6e2000 	/System/Library/PrivateFrameworks/RenderBox.framework/Versions/A/RenderBox
0x00007ff803deb000 	/System/Library/Frameworks/IOKit.framework/Versions/A/IOKit
0x00007ff8150d6000 	/System/Library/Frameworks/CoreServices.framework/Versions/A/CoreServices
0x00007ff809487000 	/System/Library/PrivateFrameworks/PerformanceAnalysis.framework/Versions/A/PerformanceAnalysis
0x00007ffa1c049000 	/System/Library/Frameworks/OpenGL.framework/Versions/A/OpenGL
0x00007ff80953c000 	/usr/lib/libxml2.2.dylib
0x00007ff80ca74000 	/System/Library/PrivateFrameworks/MobileKeyBag.framework/Versions/A/MobileKeyBag
0x00007ff800493000 	/usr/lib/libobjc.A.dylib
0x00007ff80078d000 	/usr/lib/libc++.1.dylib
0x00007ff81504d000 	/System/Library/Frameworks/Accessibility.framework/Versions/A/Accessibility
0x00007ff806ada000 	/System/Library/Frameworks/ColorSync.framework/Versions/A/ColorSync
0x00007ff8008c6000 	/System/Library/Frameworks/CoreFoundation.framework/Versions/A/CoreFoundation
0x00007ff80b820000 	/System/Library/Frameworks/CoreImage.framework/Versions/A/CoreImage
0x00007ff802b19000 	/System/Library/Frameworks/CoreText.framework/Versions/A/CoreText
0x00007ffb04788000 	/System/Library/Frameworks/CoreTransferable.framework/Versions/A/CoreTransferable
0x00007ffb04bd2000 	/System/Library/Frameworks/DeveloperToolsSupport.framework/Versions/A/DeveloperToolsSupport
0x00007ff80b4f0000 	/System/Library/Frameworks/ImageIO.framework/Versions/A/ImageIO
0x00007ffb08a33000 	/System/Library/Frameworks/Symbols.framework/Versions/A/Symbols
0x00007ff80d730000 	/System/Library/PrivateFrameworks/SoftLinking.framework/Versions/A/SoftLinking
0x00007ff810b13000 	/usr/lib/swift/libswiftCore.dylib
0x00007ff906862000 	/usr/lib/swift/libswiftCoreFoundation.dylib
0x00007ff904688000 	/usr/lib/swift/libswiftCoreGraphics.dylib
0x00007ff90689f000 	/usr/lib/swift/libswiftCoreImage.dylib
0x00007ff90468f000 	/usr/lib/swift/libswiftDarwin.dylib
0x00007ff816a54000 	/usr/lib/swift/libswiftDispatch.dylib
0x00007ff9068a0000 	/usr/lib/swift/libswiftIOKit.dylib
0x00007ff9128de000 	/usr/lib/swift/libswiftMetal.dylib
0x00007ff91f3c5000 	/usr/lib/swift/libswiftOSLog.dylib
0x00007ff8191df000 	/usr/lib/swift/libswiftObjectiveC.dylib
0x00007ff91649b000 	/usr/lib/swift/libswiftQuartzCore.dylib
0x00007ff91a556000 	/usr/lib/swift/libswiftUniformTypeIdentifiers.dylib
0x00007ff906872000 	/usr/lib/swift/libswiftXPC.dylib
0x00007ffc1729e000 	/usr/lib/swift/libswift_Concurrency.dylib
0x00007ff8191e3000 	/usr/lib/swift/libswiftos.dylib
0x00007ff909b8f000 	/usr/lib/swift/libswiftsimd.dylib
0x00007ff80d8c9000 	/usr/lib/libcompression.dylib
0x00007ff810005000 	/System/Library/PrivateFrameworks/TextureIO.framework/Versions/A/TextureIO
0x00007ff80ef80000 	/usr/lib/libate.dylib
0x00007ff80d724000 	/usr/lib/system/libcache.dylib
0x00007ff80d6df000 	/usr/lib/system/libcommonCrypto.dylib
0x00007ff80d708000 	/usr/lib/system/libcompiler_rt.dylib
0x00007ff80d6fe000 	/usr/lib/system/libcopyfile.dylib
0x00007ff8005d4000 	/usr/lib/system/libcorecrypto.dylib
0x00007ff8006bb000 	/usr/lib/system/libdispatch.dylib
0x00007ff80086c000 	/usr/lib/system/libdyld.dylib
0x00007ff80d71a000 	/usr/lib/system/libkeymgr.dylib
0x00007ff80d6bb000 	/usr/lib/system/libmacho.dylib
0x00007ff80cb4e000 	/usr/lib/system/libquarantine.dylib
0x00007ff80d718000 	/usr/lib/system/libremovefile.dylib
0x00007ff805e92000 	/usr/lib/system/libsystem_asl.dylib
0x00007ff800572000 	/usr/lib/system/libsystem_blocks.dylib
0x00007ff800705000 	/usr/lib/system/libsystem_c.dylib
0x00007ff80d710000 	/usr/lib/system/libsystem_collections.dylib
0x00007ff80bc6c000 	/usr/lib/system/libsystem_configuration.dylib
0x00007ff80acda000 	/usr/lib/system/libsystem_containermanager.dylib
0x00007ff80d313000 	/usr/lib/system/libsystem_coreservices.dylib
0x00007ff803a64000 	/usr/lib/system/libsystem_darwin.dylib
0x00007ffc175bf000 	/usr/lib/system/libsystem_darwindirectory.dylib
0x00007ff80d71b000 	/usr/lib/system/libsystem_dnssd.dylib
0x00007ff800702000 	/usr/lib/system/libsystem_featureflags.dylib
0x00007ff80089b000 	/usr/lib/system/libsystem_info.dylib
0x00007ff80d653000 	/usr/lib/system/libsystem_m.dylib
0x00007ff800682000 	/usr/lib/system/libsystem_malloc.dylib
0x00007ff805e08000 	/usr/lib/system/libsystem_networkextension.dylib
0x00007ff803eae000 	/usr/lib/system/libsystem_notify.dylib
0x00007ff80bc70000 	/usr/lib/system/libsystem_sandbox.dylib
0x00007ff80d715000 	/usr/lib/system/libsystem_secinit.dylib
0x00007ff800825000 	/usr/lib/system/libsystem_kernel.dylib
0x00007ff800891000 	/usr/lib/system/libsystem_platform.dylib
0x00007ff800860000 	/usr/lib/system/libsystem_pthread.dylib
0x00007ff807a2b000 	/usr/lib/system/libsystem_symptoms.dylib
0x00007ff8005ba000 	/usr/lib/system/libsystem_trace.dylib
0x00007ff80d6eb000 	/usr/lib/system/libunwind.dylib
0x00007ff800576000 	/usr/lib/system/libxpc.dylib
0x00007ff80080c000 	/usr/lib/libc++abi.dylib
0x00007ff80d6f6000 	/usr/lib/liboah.dylib
0x00007ff80ed2f000 	/usr/lib/liblzma.5.dylib
0x00007ff80d72c000 	/usr/lib/libfakelink.dylib
0x00007ff805a59000 	/System/Library/Frameworks/CFNetwork.framework/Versions/A/CFNetwork
0x00007ff80d77f000 	/usr/lib/libarchive.2.dylib
0x00007ff812f20000 	/System/Library/Frameworks/Combine.framework/Versions/A/Combine
0x00007ffb0dbb6000 	/System/Library/PrivateFrameworks/CollectionsInternal.framework/Versions/A/CollectionsInternal
0x00007ffc0298d000 	/System/Library/PrivateFrameworks/ReflectionInternal.framework/Versions/A/ReflectionInternal
0x00007ffc02f2c000 	/System/Library/PrivateFrameworks/RuntimeInternal.framework/Versions/A/RuntimeInternal
0x00007ffc173d9000 	/usr/lib/swift/libswift_StringProcessing.dylib
0x00007ff803d69000 	/System/Library/PrivateFrameworks/CoreServicesInternal.framework/Versions/A/CoreServicesInternal
0x00007ff80cb75000 	/usr/lib/libbsm.0.dylib
0x00007ff80d6c3000 	/usr/lib/system/libkxld.dylib
0x00007ff8094bb000 	/System/Library/Frameworks/CoreServices.framework/Versions/A/Frameworks/FSEvents.framework/Versions/A/FSEvents
0x00007ff803a6f000 	/System/Library/Frameworks/CoreServices.framework/Versions/A/Frameworks/CarbonCore.framework/Versions/A/CarbonCore
0x00007ff8086dc000 	/System/Library/Frameworks/CoreServices.framework/Versions/A/Frameworks/Metadata.framework/Versions/A/Metadata
0x00007ff80d319000 	/System/Library/Frameworks/CoreServices.framework/Versions/A/Frameworks/OSServices.framework/Versions/A/OSServices
0x00007ff80d808000 	/System/Library/Frameworks/CoreServices.framework/Versions/A/Frameworks/SearchKit.framework/Versions/A/SearchKit
0x00007ff8079b1000 	/System/Library/Frameworks/CoreServices.framework/Versions/A/Frameworks/AE.framework/Versions/A/AE
0x00007ff800d61000 	/System/Library/Frameworks/CoreServices.framework/Versions/A/Frameworks/LaunchServices.framework/Versions/A/LaunchServices
0x00007ff80ece0000 	/System/Library/Frameworks/CoreServices.framework/Versions/A/Frameworks/DictionaryServices.framework/Versions/A/DictionaryServices
0x00007ff8094c8000 	/System/Library/Frameworks/CoreServices.framework/Versions/A/Frameworks/SharedFileList.framework/Versions/A/SharedFileList
0x00007ff80d892000 	/usr/lib/libapple_nghttp2.dylib
0x00007ff80762b000 	/usr/lib/libsqlite3.dylib
0x00007ff807a33000 	/System/Library/Frameworks/Network.framework/Versions/A/Network
0x00007ffc15c32000 	/usr/lib/libCoreEntitlements.dylib
0x00007ffb1e337000 	/System/Library/PrivateFrameworks/MessageSecurity.framework/Versions/A/MessageSecurity
0x00007ff807612000 	/System/Library/PrivateFrameworks/ProtocolBuffer.framework/Versions/A/ProtocolBuffer
0x00007ff80d236000 	/System/Library/PrivateFrameworks/AppleFSCompression.framework/Versions/A/AppleFSCompression
0x00007ff80cb5d000 	/usr/lib/libcoretls.dylib
0x00007ff80ed48000 	/usr/lib/libcoretls_cfhelpers.dylib
0x00007ff80d8c3000 	/usr/lib/libpam.2.dylib
0x00007ff80edc0000 	/usr/lib/libxar.1.dylib
0x00007ff80f2b3000 	/usr/lib/libheimdal-asn1.dylib
0x00007ff805a58000 	/usr/lib/libnetwork.dylib
0x00007ff80d731000 	/usr/lib/libpcap.A.dylib
0x00007ff807a21000 	/usr/lib/libdns_services.dylib
0x00007ff80bc77000 	/System/Library/PrivateFrameworks/AppleSystemInfo.framework/Versions/A/AppleSystemInfo
0x00007ff80c876000 	/System/Library/PrivateFrameworks/IOMobileFramebuffer.framework/Versions/A/IOMobileFramebuffer
0x00007ffc17325000 	/usr/lib/swift/libswift_RegexParser.dylib
0x00007ff80d304000 	/usr/lib/libbz2.1.0.dylib
0x00007ff80cb51000 	/usr/lib/libCheckFix.dylib
0x00007ff805ea9000 	/System/Library/PrivateFrameworks/TCC.framework/Versions/A/TCC
0x00007ff80bc7d000 	/System/Library/PrivateFrameworks/CoreNLP.framework/Versions/A/CoreNLP
0x00007ff808696000 	/System/Library/PrivateFrameworks/MetadataUtilities.framework/Versions/A/MetadataUtilities
0x00007ff80cb85000 	/usr/lib/libmecab.dylib
0x00007ff8015bf000 	/usr/lib/libCRFSuite.dylib
0x00007ff80cbde000 	/usr/lib/libgermantok.dylib
0x00007ff80d86e000 	/usr/lib/libThaiTokenizer.dylib
0x00007ff80877c000 	/System/Library/Frameworks/Accelerate.framework/Versions/A/Frameworks/vImage.framework/Versions/A/vImage
0x00007ff8150a9000 	/System/Library/Frameworks/Accelerate.framework/Versions/A/Frameworks/vecLib.framework/Versions/A/vecLib
0x00007ff80ee02000 	/System/Library/Frameworks/Accelerate.framework/Versions/A/Frameworks/vecLib.framework/Versions/A/libvMisc.dylib
0x00007ff80c666000 	/System/Library/Frameworks/Accelerate.framework/Versions/A/Frameworks/vecLib.framework/Versions/A/libvDSP.dylib
0x00007ff801168000 	/System/Library/Frameworks/Accelerate.framework/Versions/A/Frameworks/vecLib.framework/Versions/A/libBLAS.dylib
0x00007ff80d9a9000 	/System/Library/Frameworks/Accelerate.framework/Versions/A/Frameworks/vecLib.framework/Versions/A/libLAPACK.dylib
0x00007ff80cbe1000 	/System/Library/Frameworks/Accelerate.framework/Versions/A/Frameworks/vecLib.framework/Versions/A/libLinearAlgebra.dylib
0x00007ff80d8ad000 	/System/Library/Frameworks/Accelerate.framework/Versions/A/Frameworks/vecLib.framework/Versions/A/libSparseBLAS.dylib
0x00007ff80d9a3000 	/System/Library/Frameworks/Accelerate.framework/Versions/A/Frameworks/vecLib.framework/Versions/A/libQuadrature.dylib
0x00007ff80bd8c000 	/System/Library/Frameworks/Accelerate.framework/Versions/A/Frameworks/vecLib.framework/Versions/A/libBNNS.dylib
0x00007ff8014c0000 	/System/Library/Frameworks/Accelerate.framework/Versions/A/Frameworks/vecLib.framework/Versions/A/libSparse.dylib
0x00007ffb1ccbf000 	/System/Library/PrivateFrameworks/MIL.framework/Versions/A/MIL
0x00007ff80d767000 	/usr/lib/libiconv.2.dylib
0x00007ff80d6b7000 	/usr/lib/libcharset.1.dylib
0x00007ff80949f000 	/System/Library/Frameworks/OpenDirectory.framework/Versions/A/Frameworks/CFOpenDirectory.framework/Versions/A/CFOpenDirectory
0x00007ff809493000 	/System/Library/Frameworks/OpenDirectory.framework/Versions/A/OpenDirectory
0x00007ff80ed4a000 	/System/Library/PrivateFrameworks/APFS.framework/Versions/A/APFS
0x00007ff80ca97000 	/System/Library/Frameworks/SecurityFoundation.framework/Versions/A/SecurityFoundation
0x00007ff80edce000 	/usr/lib/libutil.dylib
0x00007ffb1b0ce000 	/System/Library/PrivateFrameworks/InstalledContentLibrary.framework/Versions/A/InstalledContentLibrary
0x00007ff803dab000 	/System/Library/PrivateFrameworks/CoreServicesStore.framework/Versions/A/CoreServicesStore
0x00007ffb0ba94000 	/System/Library/PrivateFrameworks/AppleMobileFileIntegrity.framework/Versions/A/AppleMobileFileIntegrity
0x00007ff906842000 	/usr/lib/libmis.dylib
0x00007ff91696c000 	/System/Library/PrivateFrameworks/MobileSystemServices.framework/Versions/A/MobileSystemServices
0x00007ffa14367000 	/System/Library/PrivateFrameworks/ConfigProfileHelper.framework/Versions/A/ConfigProfileHelper
0x00007ff80d870000 	/System/Library/PrivateFrameworks/AppleSauce.framework/Versions/A/AppleSauce
0x00007ff8024b7000 	/System/Library/PrivateFrameworks/LanguageModeling.framework/Versions/A/LanguageModeling
0x00007ff80edd2000 	/usr/lib/libxslt.1.dylib
0x00007ff80d76e000 	/usr/lib/libcmph.dylib
0x00007ff80c845000 	/System/Library/PrivateFrameworks/CoreEmoji.framework/Versions/A/CoreEmoji
0x00007ff80bd87000 	/System/Library/PrivateFrameworks/LinguisticData.framework/Versions/A/LinguisticData
0x00007ff8013dd000 	/System/Library/PrivateFrameworks/Lexicon.framework/Versions/A/Lexicon
0x00007ff80cb20000 	/System/Library/PrivateFrameworks/BackgroundTaskManagement.framework/Versions/A/BackgroundTaskManagement
0x00007ffc15dae000 	/usr/lib/libTLE.dylib
0x00007ff80f774000 	/System/Library/PrivateFrameworks/AppleJPEG.framework/Versions/A/AppleJPEG
0x00007ff80f298000 	/usr/lib/libexpat.1.dylib
0x00007ff80fe5b000 	/System/Library/Frameworks/ImageIO.framework/Versions/A/Resources/libPng.dylib
0x00007ff80fe88000 	/System/Library/Frameworks/ImageIO.framework/Versions/A/Resources/libTIFF.dylib
0x00007ff80ff7d000 	/System/Library/Frameworks/ImageIO.framework/Versions/A/Resources/libGIF.dylib
0x00007ff80f7c0000 	/System/Library/Frameworks/ImageIO.framework/Versions/A/Resources/libJP2.dylib
0x00007ff80ff1c000 	/System/Library/Frameworks/ImageIO.framework/Versions/A/Resources/libJPEG.dylib
0x00007ff80ff13000 	/System/Library/Frameworks/ImageIO.framework/Versions/A/Resources/libRadiance.dylib
0x00007ff80b0a2000 	/System/Library/PrivateFrameworks/FontServices.framework/libFontParser.dylib
0x00007ff807952000 	/System/Library/PrivateFrameworks/RunningBoardServices.framework/Versions/A/RunningBoardServices
0x00007ff81bb04000 	/System/Library/PrivateFrameworks/IOSurfaceAccelerator.framework/Versions/A/IOSurfaceAccelerator
0x00007ff80f8ae000 	/System/Library/PrivateFrameworks/WatchdogClient.framework/Versions/A/WatchdogClient
0x00007ff802680000 	/System/Library/Frameworks/CoreDisplay.framework/Versions/A/CoreDisplay
0x00007ff80af73000 	/System/Library/Frameworks/CoreMedia.framework/Versions/A/CoreMedia
0x00007ff80ad19000 	/System/Library/PrivateFrameworks/IOAccelerator.framework/Versions/A/IOAccelerator
0x00007ff80961c000 	/System/Library/Frameworks/CoreVideo.framework/Versions/A/CoreVideo
0x00007ff80d8c1000 	/System/Library/Frameworks/MetalPerformanceShaders.framework/Versions/A/MetalPerformanceShaders
0x00007ff80f8ef000 	/System/Library/Frameworks/VideoToolbox.framework/Versions/A/VideoToolbox
0x00007ff8096a8000 	/System/Library/PrivateFrameworks/UserManagement.framework/Versions/A/UserManagement
0x00007ff807884000 	/System/Library/PrivateFrameworks/BaseBoard.framework/Versions/A/BaseBoard
0x00007ff80bc76000 	/System/Library/PrivateFrameworks/AggregateDictionary.framework/Versions/A/AggregateDictionary
0x00007ffb0ba14000 	/System/Library/PrivateFrameworks/AppleKeyStore.framework/Versions/A/AppleKeyStore
0x00007ff80ff0c000 	/System/Library/PrivateFrameworks/GPUWrangler.framework/Versions/A/GPUWrangler
0x00007ff80fef0000 	/System/Library/PrivateFrameworks/IOPresentment.framework/Versions/A/IOPresentment
0x00007ff80ff16000 	/System/Library/PrivateFrameworks/DSExternalDisplay.framework/Versions/A/DSExternalDisplay
0x00007ffb17113000 	/System/Library/PrivateFrameworks/GPUCompiler.framework/Versions/32023/Libraries/libllvm-flatbuffers.dylib
0x00007ffa1c03d000 	/System/Library/Frameworks/OpenGL.framework/Versions/A/Libraries/libCoreFSCache.dylib
0x00007ffb142bb000 	/System/Library/PrivateFrameworks/GPUCompiler.framework/Versions/32023/Libraries/libGPUCompilerUtils.dylib
0x00007ff80ff83000 	/System/Library/PrivateFrameworks/CMCaptureCore.framework/Versions/A/CMCaptureCore
0x00007ffb04cb4000 	/System/Library/Frameworks/ExtensionFoundation.framework/Versions/A/ExtensionFoundation
0x00007ff817284000 	/System/Library/PrivateFrameworks/CoreTime.framework/Versions/A/CoreTime
0x00007ff80f460000 	/System/Library/PrivateFrameworks/AppServerSupport.framework/Versions/A/AppServerSupport
0x00007ff8119ed000 	/System/Library/PrivateFrameworks/perfdata.framework/Versions/A/perfdata
0x00007ff8027ac000 	/System/Library/PrivateFrameworks/AudioToolboxCore.framework/Versions/A/AudioToolboxCore
0x00007ff80af4d000 	/System/Library/PrivateFrameworks/caulk.framework/Versions/A/caulk
0x00007ff81128b000 	/usr/lib/libAudioStatistics.dylib
0x00007ff905bfd000 	/System/Library/PrivateFrameworks/SystemPolicy.framework/Versions/A/SystemPolicy
0x00007ff811557000 	/usr/lib/libSMC.dylib
0x00007ff81b1d9000 	/System/Library/Frameworks/CoreMIDI.framework/Versions/A/CoreMIDI
0x00007ff80fe22000 	/usr/lib/libAudioToolboxUtility.dylib
0x00007ff9014cc000 	/System/Library/PrivateFrameworks/OSAServicesClient.framework/Versions/A/OSAServicesClient
0x00007ff8119fa000 	/usr/lib/libperfcheck.dylib
0x00007ff80f179000 	/System/Library/PrivateFrameworks/PlugInKit.framework/Versions/A/PlugInKit
0x00007ff80ca8a000 	/System/Library/PrivateFrameworks/AssertionServices.framework/Versions/A/AssertionServices
0x00007ffa03219000 	/System/Library/PrivateFrameworks/Symbolication.framework/Versions/A/Symbolication
0x00007ffc01af4000 	/System/Library/PrivateFrameworks/PhotosensitivityProcessing.framework/Versions/A/PhotosensitivityProcessing
0x00007ffa1d649000 	/System/Library/Frameworks/OpenCL.framework/Versions/A/OpenCL
0x00007ff80f40b000 	/System/Library/PrivateFrameworks/GraphVisualizer.framework/Versions/A/GraphVisualizer
0x00007ffa1c09a000 	/System/Library/Frameworks/OpenGL.framework/Versions/A/Libraries/libGLU.dylib
0x00007ffa1c05c000 	/System/Library/Frameworks/OpenGL.framework/Versions/A/Libraries/libGFXShared.dylib
0x00007ffa1c259000 	/System/Library/Frameworks/OpenGL.framework/Versions/A/Libraries/libGL.dylib
0x00007ffa1c064000 	/System/Library/Frameworks/OpenGL.framework/Versions/A/Libraries/libGLImage.dylib
0x00007ffa1c059000 	/System/Library/Frameworks/OpenGL.framework/Versions/A/Libraries/libCVMSPluginSupport.dylib
0x00007ffc15d68000 	/usr/lib/libRosetta.dylib
0x00007ffa1c044000 	/System/Library/Frameworks/OpenGL.framework/Versions/A/Libraries/libCoreVMClient.dylib
0x00007ffb12629000 	/System/Library/PrivateFrameworks/FontServices.framework/Versions/A/FontServices
0x00007ff80f41a000 	/System/Library/PrivateFrameworks/OTSVG.framework/Versions/A/OTSVG
0x00007ff8091d3000 	/System/Library/Frameworks/ApplicationServices.framework/Versions/A/Frameworks/ATS.framework/Versions/A/Resources/libFontRegistry.dylib
0x00007ff80f46e000 	/System/Library/PrivateFrameworks/FontServices.framework/libhvf.dylib
0x00007ffb1262a000 	/System/Library/PrivateFrameworks/FontServices.framework/libXTFontStaticRegistryData.dylib
0x00007ff80bbeb000 	/System/Library/Frameworks/MetalPerformanceShaders.framework/Versions/A/Frameworks/MPSCore.framework/Versions/A/MPSCore
0x00007ff80d19c000 	/System/Library/Frameworks/MetalPerformanceShaders.framework/Versions/A/Frameworks/MPSImage.framework/Versions/A/MPSImage
0x00007ff80cbf7000 	/System/Library/Frameworks/MetalPerformanceShaders.framework/Versions/A/Frameworks/MPSNeuralNetwork.framework/Versions/A/MPSNeuralNetwork
0x00007ff80d070000 	/System/Library/Frameworks/MetalPerformanceShaders.framework/Versions/A/Frameworks/MPSMatrix.framework/Versions/A/MPSMatrix
0x00007ff80ce23000 	/System/Library/Frameworks/MetalPerformanceShaders.framework/Versions/A/Frameworks/MPSRayIntersector.framework/Versions/A/MPSRayIntersector
0x00007ff80d0ab000 	/System/Library/Frameworks/MetalPerformanceShaders.framework/Versions/A/Frameworks/MPSNDArray.framework/Versions/A/MPSNDArray
0x00007ffb061fc000 	/System/Library/Frameworks/MetalPerformanceShaders.framework/Versions/A/Frameworks/MPSFunctions.framework/Versions/A/MPSFunctions
0x00007ffb061de000 	/System/Library/Frameworks/MetalPerformanceShaders.framework/Versions/A/Frameworks/MPSBenchmarkLoop.framework/Versions/A/MPSBenchmarkLoop
0x00007ff801018000 	/System/Library/PrivateFrameworks/MetalTools.framework/Versions/A/MetalTools
0x00007ff90aecc000 	/System/Library/PrivateFrameworks/IOAccelMemoryInfo.framework/Versions/A/IOAccelMemoryInfo
0x00007ff91687e000 	/System/Library/PrivateFrameworks/kperf.framework/Versions/A/kperf
0x00007ff906855000 	/System/Library/PrivateFrameworks/GPURawCounter.framework/Versions/A/GPURawCounter
0x00007ff817178000 	/System/Library/PrivateFrameworks/CoreSymbolication.framework/Versions/A/CoreSymbolication
0x00007ff906813000 	/System/Library/PrivateFrameworks/MallocStackLogging.framework/Versions/A/MallocStackLogging
0x00007ff80f020000 	/System/Library/PrivateFrameworks/CrashReporterSupport.framework/Versions/A/CrashReporterSupport
0x00007ff817139000 	/System/Library/PrivateFrameworks/DebugSymbols.framework/Versions/A/DebugSymbols
0x00007ff915b97000 	/System/Library/PrivateFrameworks/OSAnalytics.framework/Versions/A/OSAnalytics
0x00007ffc0d2ff000 	/System/Library/PrivateFrameworks/VideoToolboxParavirtualizationSupport.framework/Versions/A/VideoToolboxParavirtualizationSupport
0x00007ff80f248000 	/System/Library/PrivateFrameworks/AppleVA.framework/Versions/A/AppleVA
0x00007ff8112cf000 	/System/Library/Frameworks/ApplicationServices.framework/Versions/A/Frameworks/ATS.framework/Versions/A/ATS
0x00007ff806c86000 	/System/Library/Frameworks/ApplicationServices.framework/Versions/A/Frameworks/HIServices.framework/Versions/A/HIServices
0x00007ff80ff91000 	/System/Library/Frameworks/ApplicationServices.framework/Versions/A/Frameworks/PrintCore.framework/Versions/A/PrintCore
0x00007ff8116ad000 	/System/Library/Frameworks/ApplicationServices.framework/Versions/A/Frameworks/QD.framework/Versions/A/QD
0x00007ff8116a5000 	/System/Library/Frameworks/ApplicationServices.framework/Versions/A/Frameworks/ColorSyncLegacy.framework/Versions/A/ColorSyncLegacy
0x00007ff8112a3000 	/System/Library/Frameworks/ApplicationServices.framework/Versions/A/Frameworks/SpeechSynthesis.framework/Versions/A/SpeechSynthesis
0x00007ff80ff4d000 	/System/Library/Frameworks/ApplicationServices.framework/Versions/A/Frameworks/ATSUI.framework/Versions/A/ATSUI
0x00007ff811637000 	/usr/lib/libcups.2.dylib
0x00007ff811a09000 	/System/Library/Frameworks/Kerberos.framework/Versions/A/Kerberos
0x00007ff811a18000 	/System/Library/Frameworks/GSS.framework/Versions/A/GSS
0x00007ff811348000 	/usr/lib/libresolv.9.dylib
0x00007ff80f480000 	/System/Library/PrivateFrameworks/Heimdal.framework/Versions/A/Heimdal
0x00007ff81914c000 	/System/Library/Frameworks/Kerberos.framework/Versions/A/Libraries/libHeimdalProxy.dylib
0x00007ff811a65000 	/System/Library/PrivateFrameworks/CommonAuth.framework/Versions/A/CommonAuth
0x00007ffb03ba7000 	/System/Library/Frameworks/AVFAudio.framework/Versions/A/AVFAudio
0x00007ff901515000 	/System/Library/PrivateFrameworks/AXCoreUtilities.framework/Versions/A/AXCoreUtilities
0x00007ff811213000 	/System/Library/PrivateFrameworks/AudioSession.framework/Versions/A/AudioSession
0x00007ff812ce8000 	/System/Library/Frameworks/IOBluetooth.framework/Versions/A/IOBluetooth
0x00007ff80f357000 	/System/Library/PrivateFrameworks/MediaExperience.framework/Versions/A/MediaExperience
0x00007ff811067000 	/System/Library/PrivateFrameworks/AudioSession.framework/libSessionUtility.dylib
0x00007ff8116b9000 	/System/Library/PrivateFrameworks/AudioResourceArbitration.framework/Versions/A/AudioResourceArbitration
0x00007ff815de8000 	/System/Library/PrivateFrameworks/PowerLog.framework/Versions/A/PowerLog
0x00007ff815d09000 	/System/Library/Frameworks/CoreBluetooth.framework/Versions/A/CoreBluetooth
0x00007ff81914d000 	/System/Library/Frameworks/AudioUnit.framework/Versions/A/AudioUnit
0x00007ff80c8fe000 	/System/Library/PrivateFrameworks/CoreUtils.framework/Versions/A/CoreUtils
0x00007ffb10cc1000 	/System/Library/PrivateFrameworks/CoreUtilsExtras.framework/Versions/A/CoreUtilsExtras
0x00007ffb1af5b000 	/System/Library/PrivateFrameworks/IO80211.framework/Versions/A/IO80211
0x00007ff90152c000 	/usr/lib/libAccessibility.dylib
0x00007ff815424000 	/System/Library/Frameworks/MediaAccessibility.framework/Versions/A/MediaAccessibility
0x00007ff816c91000 	/System/Library/PrivateFrameworks/FrontBoardServices.framework/Versions/A/FrontBoardServices
0x00007ff818738000 	/System/Library/PrivateFrameworks/BackBoardServices.framework/Versions/A/BackBoardServices
0x00007ff816d4d000 	/System/Library/PrivateFrameworks/BoardServices.framework/Versions/A/BoardServices
0x00007ff80f2bc000 	/System/Library/PrivateFrameworks/IconFoundation.framework/Versions/A/IconFoundation
0x00007ff814cae000 	/System/Library/PrivateFrameworks/SpeechRecognitionCore.framework/Versions/A/SpeechRecognitionCore
0x00007ffa0698f000 	/System/Library/Frameworks/OSLog.framework/Versions/A/OSLog
0x00007ff9067a0000 	/System/Library/PrivateFrameworks/LoggingSupport.framework/Versions/A/LoggingSupport
0x000000010f90f000 	/Applications/Eclipse.app/Contents/Eclipse/plugins/org.eclipse.justj.openjdk.hotspot.jre.full.macosx.x86_64_17.0.9.v20231028-0858/jre/lib/server/libjvm.dylib
0x0000000108105000 	/Applications/Eclipse.app/Contents/Eclipse/plugins/org.eclipse.justj.openjdk.hotspot.jre.full.macosx.x86_64_17.0.9.v20231028-0858/jre/lib/libjimage.dylib
0x0000000108128000 	/Applications/Eclipse.app/Contents/Eclipse/plugins/org.eclipse.justj.openjdk.hotspot.jre.full.macosx.x86_64_17.0.9.v20231028-0858/jre/lib/libinstrument.dylib
0x000000010816a000 	/Applications/Eclipse.app/Contents/Eclipse/plugins/org.eclipse.justj.openjdk.hotspot.jre.full.macosx.x86_64_17.0.9.v20231028-0858/jre/lib/libjava.dylib
0x00000001083f5000 	/Applications/Eclipse.app/Contents/Eclipse/plugins/org.eclipse.justj.openjdk.hotspot.jre.full.macosx.x86_64_17.0.9.v20231028-0858/jre/lib/libzip.dylib


VM Arguments:
jvm_args: -ea -javaagent:/Applications/Eclipse.app/Contents/Eclipse/configuration/org.eclipse.osgi/477/0/.cp/jacocoagent.jar=includes=*,excludes=,exclclassloader=sun.reflect.DelegatingClassLoader,output=tcpclient,port=53948 -Dfile.encoding=UTF-8 -Dstdout.encoding=UTF-8 -Dstderr.encoding=UTF-8 -XX:+ShowCodeDetailsInExceptionMessages 
java_command: org.testng.remote.RemoteTestNG -serport 53949 -protocol json -d /Users/muneeb.akhtar/eclipse-workspace/OrderAppTask/test-output /var/folders/6d/27kh_gqs16j4z_kht11tvvgrsm8y_1/T/testng-eclipse-1553105441/testng-customsuite.xml
java_class_path (initial): /Applications/Eclipse.app/Contents/Eclipse/configuration/org.eclipse.osgi/541/0/.cp/lib/testng-remote.jar:/Users/muneeb.akhtar/eclipse-workspace/OrderAppTask/bin:/Users/muneeb.akhtar/Downloads/selenium-java-4.7.0/lib/async-http-client-2.12.3.jar:/Users/muneeb.akhtar/Downloads/selenium-java-4.7.0/lib/async-http-client-netty-utils-2.12.3.jar:/Users/muneeb.akhtar/Downloads/selenium-java-4.7.0/lib/auto-common-1.2.1.jar:/Users/muneeb.akhtar/Downloads/selenium-java-4.7.0/lib/auto-service-1.0.1.jar:/Users/muneeb.akhtar/Downloads/selenium-java-4.7.0/lib/auto-service-annotations-1.0.1.jar:/Users/muneeb.akhtar/Downloads/selenium-java-4.7.0/lib/byte-buddy-1.12.18.jar:/Users/muneeb.akhtar/Downloads/selenium-java-4.7.0/lib/checker-qual-3.12.0.jar:/Users/muneeb.akhtar/Downloads/selenium-java-4.7.0/lib/commons-exec-1.3.jar:/Users/muneeb.akhtar/Downloads/selenium-java-4.7.0/lib/error_prone_annotations-2.11.0.jar:/Users/muneeb.akhtar/Downloads/selenium-java-4.7.0/lib/failsafe-3.3.0.jar:/Users/muneeb.akhtar/Downloads/selenium-java-4.7.0/lib/failureaccess-1.0.1.jar:/Users/muneeb.akhtar/Downloads/selenium-java-4.7.0/lib/guava-31.1-jre.jar:/Users/muneeb.akhtar/Downloads/selenium-java-4.7.0/lib/j2objc-annotations-1.3.jar:/Users/muneeb.akhtar/Downloads/selenium-java-4.7.0/lib/jakarta.activation-1.2.2.jar:/Users/muneeb.akhtar/Downloads/selenium-java-4.7.0/lib/jcommander-1.82.jar:/Users/muneeb.akhtar/Downloads/selenium-java-4.7.0/lib/jsr305-3.0.2.jar:/Users/muneeb.akhtar/Downloads/selenium-java-4.7.0/lib/jtoml-2.0.0.jar:/Users/muneeb.akhtar/Downloads/selenium-java-4.7.0/lib/listenablefuture-9999.0-empty-to-avoid-conflict-with-guava.jar:/Users/muneeb.akhtar/Downloads/selenium-java-4.7.0/lib/netty-buffer-4.1.84.Final.jar:/Users/muneeb.akhtar/Downloads/selenium-java-4.7.0/lib/netty-codec-4.1.84.Final.jar:/Users/muneeb.akhtar/Downloads/selenium-java-4.7.0/lib/netty-codec-http-4.1.84.Final.jar:/Users/muneeb.akhtar/Downloads/selenium-java-4.7.0/lib/netty-codec-socks-4
Launcher Type: SUN_STANDARD

[Global flags]
     intx CICompilerCount                          = 4                                         {product} {ergonomic}
     uint ConcGCThreads                            = 3                                         {product} {ergonomic}
     uint G1ConcRefinementThreads                  = 10                                        {product} {ergonomic}
   size_t G1HeapRegionSize                         = 4194304                                   {product} {ergonomic}
    uintx GCDrainStackTargetSize                   = 64                                        {product} {ergonomic}
   size_t InitialHeapSize                          = 536870912                                 {product} {ergonomic}
   size_t MarkStackSize                            = 4194304                                   {product} {ergonomic}
   size_t MaxHeapSize                              = 8589934592                                {product} {ergonomic}
   size_t MaxNewSize                               = 5150605312                                {product} {ergonomic}
   size_t MinHeapDeltaBytes                        = 4194304                                   {product} {ergonomic}
   size_t MinHeapSize                              = 8388608                                   {product} {ergonomic}
    uintx NonNMethodCodeHeapSize                   = 5839372                                {pd product} {ergonomic}
    uintx NonProfiledCodeHeapSize                  = 122909434                              {pd product} {ergonomic}
    uintx ProfiledCodeHeapSize                     = 122909434                              {pd product} {ergonomic}
    uintx ReservedCodeCacheSize                    = 251658240                              {pd product} {ergonomic}
     bool SegmentedCodeCache                       = true                                      {product} {ergonomic}
     bool ShowCodeDetailsInExceptionMessages       = true                                   {manageable} {command line}
   size_t SoftMaxHeapSize                          = 8589934592                             {manageable} {ergonomic}
     bool UseCompressedClassPointers               = true                           {product lp64_product} {ergonomic}
     bool UseCompressedOops                        = true                           {product lp64_product} {ergonomic}
     bool UseG1GC                                  = true                                      {product} {ergonomic}
     bool UseNUMA                                  = false                                     {product} {ergonomic}
     bool UseNUMAInterleaving                      = false                                     {product} {ergonomic}

Logging:
Log output configuration:
 #0: stdout all=warning uptime,level,tags
 #1: stderr all=off uptime,level,tags

Environment Variables:
PATH=/usr/bin:/bin:/usr/sbin:/sbin
SHELL=/bin/bash
TMPDIR=/var/folders/6d/27kh_gqs16j4z_kht11tvvgrsm8y_1/T/

Active Locale:
LC_ALL=C
LC_COLLATE=C
LC_CTYPE=C
LC_MESSAGES=C
LC_MONETARY=C
LC_NUMERIC=C
LC_TIME=C

Signal Handlers:
   SIGSEGV: crash_handler in libjvm.dylib, mask=11100110000111110111111111111111, flags=SA_RESTART|SA_SIGINFO, unblocked
    SIGBUS: crash_handler in libjvm.dylib, mask=11100110000111110111111111111111, flags=SA_RESTART|SA_SIGINFO, unblocked
    SIGFPE: crash_handler in libjvm.dylib, mask=11100110000111110111111111111111, flags=SA_RESTART|SA_SIGINFO, unblocked
   SIGPIPE: javaSignalHandler in libjvm.dylib, mask=11100110000111110111111111111111, flags=SA_RESTART|SA_SIGINFO, blocked
   SIGXFSZ: javaSignalHandler in libjvm.dylib, mask=11100110000111110111111111111111, flags=SA_RESTART|SA_SIGINFO, blocked
    SIGILL: crash_handler in libjvm.dylib, mask=11100110000111110111111111111111, flags=SA_RESTART|SA_SIGINFO, unblocked
   SIGUSR2: SR_handler in libjvm.dylib, mask=00100000000000000000000000000000, flags=SA_RESTART|SA_SIGINFO, blocked
    SIGHUP: SIG_DFL, mask=11100110000111110111111111111111, flags=SA_RESTART|SA_SIGINFO, blocked
    SIGINT: SIG_DFL, mask=11100110000111110111111111111111, flags=SA_RESTART|SA_SIGINFO, blocked
   SIGTERM: SIG_DFL, mask=11100110000111110111111111111111, flags=SA_RESTART|SA_SIGINFO, blocked
   SIGQUIT: UserHandler in libjvm.dylib, mask=11100110000111110111111111111111, flags=SA_RESTART|SA_SIGINFO, blocked
   SIGTRAP: crash_handler in libjvm.dylib, mask=11100110000111110111111111111111, flags=SA_RESTART|SA_SIGINFO, unblocked


Periodic native trim disabled


---------------  S Y S T E M  ---------------

OS:
uname: Darwin 23.3.0 Darwin Kernel Version 23.3.0: Wed Dec 20 21:28:58 PST 2023; root:xnu-10002.81.5~7/RELEASE_X86_64 x86_64
OS uptime: 0 days 6:57 hours
rlimit (soft/hard): STACK 8192k/65532k , CORE 0k/infinity , NPROC 5568/8352 , NOFILE 10240/infinity , AS infinity/infinity , CPU infinity/infinity , DATA infinity/infinity , FSIZE infinity/infinity , MEMLOCK infinity/infinity , RSS infinity/infinity
load average: 2.34 2.36 2.77

CPU: total 12 (initial active 12) (6 cores per cpu, 2 threads per core) family 6 model 158 stepping 10 microcode 0xf6, cx8, cmov, fxsr, ht, mmx, 3dnowpref, sse, sse2, sse3, ssse3, sse4.1, sse4.2, popcnt, lzcnt, tsc, tscinvbit, avx, avx2, aes, erms, clmul, bmi1, bmi2, adx, fma, vzeroupper, clflush, clflushopt
machdep.cpu.brand_string:Intel(R) Core(TM) i7-9750H CPU @ 2.60GHz
hw.cpufrequency:2600000000
hw.cpufrequency_min:2600000000
hw.cpufrequency_max:2600000000
hw.cachelinesize:64
hw.l1icachesize:32768
hw.l1dcachesize:32768
hw.l2cachesize:262144
hw.l3cachesize:12582912

Memory: 4k page, physical 33554432k(3911156k free), swap 2097152k(1404672k free)

vm_info: OpenJDK 64-Bit Server VM (17.0.9+9) for bsd-amd64 JRE (17.0.9+9), built on Oct 18 2023 08:05:15 by "admin" with clang Apple LLVM 12.0.0 (clang-1200.0.32.29)

END.
